<?xml version="1.0" encoding="UTF-8"?>
<testsuite name="it.univr.mentcareDemo.modelTest.AppointmentTest" tests="3" skipped="0" failures="0" errors="0" timestamp="2023-02-13T10:24:08" hostname="fedora" time="0.021">
  <properties/>
  <testcase name="basicVoidAppointmentInitialization" classname="it.univr.mentcareDemo.modelTest.AppointmentTest" time="0.012"/>
  <testcase name="illegalAppointmentTest" classname="it.univr.mentcareDemo.modelTest.AppointmentTest" time="0.001"/>
  <testcase name="basicAppointmentInitializationTest" classname="it.univr.mentcareDemo.modelTest.AppointmentTest" time="0.007"/>
  <system-out><![CDATA[]]></system-out>
  <system-err><![CDATA[]]></system-err>
</testsuite>
