<?xml version="1.0" encoding="UTF-8"?>
<testsuite name="it.univr.mentcareDemo.modelTest.DoctorTest" tests="4" skipped="0" failures="0" errors="0" timestamp="2023-02-13T10:24:08" hostname="fedora" time="0.005">
  <properties/>
  <testcase name="basicVoidDoctorInitializationTest" classname="it.univr.mentcareDemo.modelTest.DoctorTest" time="0.002"/>
  <testcase name="basicDoctorInitializationTest" classname="it.univr.mentcareDemo.modelTest.DoctorTest" time="0.001"/>
  <testcase name="illegalDoctorTest" classname="it.univr.mentcareDemo.modelTest.DoctorTest" time="0.001"/>
  <testcase name="isDoctorTest" classname="it.univr.mentcareDemo.modelTest.DoctorTest" time="0.001"/>
  <system-out><![CDATA[]]></system-out>
  <system-err><![CDATA[]]></system-err>
</testsuite>
