<?xml version="1.0" encoding="UTF-8"?>
<testsuite name="it.univr.mentcareDemo.modelTest.DrugTest" tests="4" skipped="0" failures="0" errors="0" timestamp="2023-02-13T10:24:08" hostname="fedora" time="0.002">
  <properties/>
  <testcase name="basicVoidDrugInitialization" classname="it.univr.mentcareDemo.modelTest.DrugTest" time="0.001"/>
  <testcase name="illegalDrugTest" classname="it.univr.mentcareDemo.modelTest.DrugTest" time="0.0"/>
  <testcase name="illegalDrugTest2" classname="it.univr.mentcareDemo.modelTest.DrugTest" time="0.0"/>
  <testcase name="basicDrugInitializationTest" classname="it.univr.mentcareDemo.modelTest.DrugTest" time="0.0"/>
  <system-out><![CDATA[]]></system-out>
  <system-err><![CDATA[]]></system-err>
</testsuite>
