<?xml version="1.0" encoding="UTF-8"?>
<testsuite name="it.univr.mentcareDemo.modelTest.NurseTest" tests="4" skipped="0" failures="0" errors="0" timestamp="2023-02-13T10:24:08" hostname="fedora" time="0.003">
  <properties/>
  <testcase name="basicNurseInitializationTest" classname="it.univr.mentcareDemo.modelTest.NurseTest" time="0.001"/>
  <testcase name="basicVoidNurseInitialization" classname="it.univr.mentcareDemo.modelTest.NurseTest" time="0.0"/>
  <testcase name="isNurseTest" classname="it.univr.mentcareDemo.modelTest.NurseTest" time="0.0"/>
  <testcase name="illegalNurseTest" classname="it.univr.mentcareDemo.modelTest.NurseTest" time="0.0"/>
  <system-out><![CDATA[]]></system-out>
  <system-err><![CDATA[]]></system-err>
</testsuite>
