<?xml version="1.0" encoding="UTF-8"?>
<testsuite name="it.univr.mentcareDemo.PageObject.SystemTest" tests="19" skipped="0" failures="0" errors="0" timestamp="2023-02-13T10:23:07" hostname="fedora" time="60.935">
  <properties/>
  <testcase name="testA_loginManager" classname="it.univr.mentcareDemo.PageObject.SystemTest" time="7.739"/>
  <testcase name="testB_AddDoctor" classname="it.univr.mentcareDemo.PageObject.SystemTest" time="4.299"/>
  <testcase name="testC_AddPatient" classname="it.univr.mentcareDemo.PageObject.SystemTest" time="4.865"/>
  <testcase name="testD_AddNurse" classname="it.univr.mentcareDemo.PageObject.SystemTest" time="3.18"/>
  <testcase name="testE_AddReceptionist" classname="it.univr.mentcareDemo.PageObject.SystemTest" time="3.411"/>
  <testcase name="testF_SearchUserByManager" classname="it.univr.mentcareDemo.PageObject.SystemTest" time="3.048"/>
  <testcase name="testG_CreateAppointmentByReceptionist" classname="it.univr.mentcareDemo.PageObject.SystemTest" time="5.374"/>
  <testcase name="testH_UpdateAppointmentByReceptionist" classname="it.univr.mentcareDemo.PageObject.SystemTest" time="4.142"/>
  <testcase name="testI_SearchAppointmentByReceptionist" classname="it.univr.mentcareDemo.PageObject.SystemTest" time="1.836"/>
  <testcase name="testL_SearchPatientByDoctor" classname="it.univr.mentcareDemo.PageObject.SystemTest" time="2.348"/>
  <testcase name="testM_CreateAndViewPrescription" classname="it.univr.mentcareDemo.PageObject.SystemTest" time="4.259"/>
  <testcase name="testN_SearchAppointmentByNurse" classname="it.univr.mentcareDemo.PageObject.SystemTest" time="2.126"/>
  <testcase name="testO_ViewPrescriptionByNurse" classname="it.univr.mentcareDemo.PageObject.SystemTest" time="2.333"/>
  <testcase name="testP_ViewPrescriptionByPatient" classname="it.univr.mentcareDemo.PageObject.SystemTest" time="2.929"/>
  <testcase name="testQ_CheckAppointmentByPatient" classname="it.univr.mentcareDemo.PageObject.SystemTest" time="2.532"/>
  <testcase name="testR_CheckAppointmentByNurse" classname="it.univr.mentcareDemo.PageObject.SystemTest" time="2.079"/>
  <testcase name="testS_CheckAppointmentByDoctor" classname="it.univr.mentcareDemo.PageObject.SystemTest" time="2.003"/>
  <testcase name="testT_DeleteAppointment" classname="it.univr.mentcareDemo.PageObject.SystemTest" time="1.766"/>
  <testcase name="testU_DeleteAllUser" classname="it.univr.mentcareDemo.PageObject.SystemTest" time="0.636"/>
  <system-out><![CDATA[11:22:52.500 [Test worker] DEBUG org.springframework.test.context.junit4.SpringJUnit4ClassRunner - SpringJUnit4ClassRunner constructor called with [class it.univr.mentcareDemo.PageObject.SystemTest]
11:22:52.532 [Test worker] DEBUG org.springframework.test.context.BootstrapUtils - Instantiating CacheAwareContextLoaderDelegate from class [org.springframework.test.context.cache.DefaultCacheAwareContextLoaderDelegate]
11:22:52.566 [Test worker] DEBUG org.springframework.test.context.BootstrapUtils - Instantiating BootstrapContext using constructor [public org.springframework.test.context.support.DefaultBootstrapContext(java.lang.Class,org.springframework.test.context.CacheAwareContextLoaderDelegate)]
11:22:52.683 [Test worker] DEBUG org.springframework.test.context.BootstrapUtils - Instantiating TestContextBootstrapper for test class [it.univr.mentcareDemo.PageObject.SystemTest] from class [org.springframework.boot.test.context.SpringBootTestContextBootstrapper]
11:22:52.738 [Test worker] INFO org.springframework.boot.test.context.SpringBootTestContextBootstrapper - Neither @ContextConfiguration nor @ContextHierarchy found for test class [it.univr.mentcareDemo.PageObject.SystemTest], using SpringBootContextLoader
11:22:52.748 [Test worker] DEBUG org.springframework.test.context.support.AbstractContextLoader - Did not detect default resource location for test class [it.univr.mentcareDemo.PageObject.SystemTest]: class path resource [it/univr/mentcareDemo/PageObject/SystemTest-context.xml] does not exist
11:22:52.750 [Test worker] DEBUG org.springframework.test.context.support.AbstractContextLoader - Did not detect default resource location for test class [it.univr.mentcareDemo.PageObject.SystemTest]: class path resource [it/univr/mentcareDemo/PageObject/SystemTestContext.groovy] does not exist
11:22:52.751 [Test worker] INFO org.springframework.test.context.support.AbstractContextLoader - Could not detect default resource locations for test class [it.univr.mentcareDemo.PageObject.SystemTest]: no resource found for suffixes {-context.xml, Context.groovy}.
11:22:52.753 [Test worker] INFO org.springframework.test.context.support.AnnotationConfigContextLoaderUtils - Could not detect default configuration classes for test class [it.univr.mentcareDemo.PageObject.SystemTest]: SystemTest does not declare any static, non-private, non-final, nested classes annotated with @Configuration.
11:22:52.901 [Test worker] DEBUG org.springframework.test.context.support.ActiveProfilesUtils - Could not find an 'annotation declaring class' for annotation type [org.springframework.test.context.ActiveProfiles] and class [it.univr.mentcareDemo.PageObject.SystemTest]
11:22:53.179 [Test worker] DEBUG org.springframework.context.annotation.ClassPathScanningCandidateComponentProvider - Identified candidate component class: file [/home/alessandro/IdeaProjects/Mentcare_Project/build/classes/java/main/it/univr/mentcareDemo/Main.class]
11:22:53.186 [Test worker] INFO org.springframework.boot.test.context.SpringBootTestContextBootstrapper - Found @SpringBootConfiguration it.univr.mentcareDemo.Main for test class it.univr.mentcareDemo.PageObject.SystemTest
11:22:53.512 [Test worker] DEBUG org.springframework.boot.test.context.SpringBootTestContextBootstrapper - @TestExecutionListeners is not present for class [it.univr.mentcareDemo.PageObject.SystemTest]: using defaults.
11:22:53.514 [Test worker] INFO org.springframework.boot.test.context.SpringBootTestContextBootstrapper - Loaded default TestExecutionListener class names from location [META-INF/spring.factories]: [org.springframework.boot.test.autoconfigure.restdocs.RestDocsTestExecutionListener, org.springframework.boot.test.autoconfigure.web.client.MockRestServiceServerResetTestExecutionListener, org.springframework.boot.test.autoconfigure.web.servlet.MockMvcPrintOnlyOnFailureTestExecutionListener, org.springframework.boot.test.autoconfigure.web.servlet.WebDriverTestExecutionListener, org.springframework.boot.test.autoconfigure.webservices.client.MockWebServiceServerTestExecutionListener, org.springframework.boot.test.mock.mockito.MockitoTestExecutionListener, org.springframework.boot.test.mock.mockito.ResetMocksTestExecutionListener, org.springframework.test.context.web.ServletTestExecutionListener, org.springframework.test.context.support.DirtiesContextBeforeModesTestExecutionListener, org.springframework.test.context.support.DependencyInjectionTestExecutionListener, org.springframework.test.context.support.DirtiesContextTestExecutionListener, org.springframework.test.context.transaction.TransactionalTestExecutionListener, org.springframework.test.context.jdbc.SqlScriptsTestExecutionListener, org.springframework.test.context.event.EventPublishingTestExecutionListener]
11:22:53.597 [Test worker] INFO org.springframework.boot.test.context.SpringBootTestContextBootstrapper - Using TestExecutionListeners: [org.springframework.test.context.web.ServletTestExecutionListener@117e0fe5, org.springframework.test.context.support.DirtiesContextBeforeModesTestExecutionListener@18a3962d, org.springframework.boot.test.mock.mockito.MockitoTestExecutionListener@78aea4b9, org.springframework.boot.test.autoconfigure.SpringBootDependencyInjectionTestExecutionListener@2a65bb85, org.springframework.test.context.support.DirtiesContextTestExecutionListener@4b85880b, org.springframework.test.context.transaction.TransactionalTestExecutionListener@4f936da8, org.springframework.test.context.jdbc.SqlScriptsTestExecutionListener@4215838f, org.springframework.test.context.event.EventPublishingTestExecutionListener@452ba1db, org.springframework.boot.test.autoconfigure.restdocs.RestDocsTestExecutionListener@2289aca5, org.springframework.boot.test.autoconfigure.web.client.MockRestServiceServerResetTestExecutionListener@76a36b71, org.springframework.boot.test.autoconfigure.web.servlet.MockMvcPrintOnlyOnFailureTestExecutionListener@184497d1, org.springframework.boot.test.autoconfigure.web.servlet.WebDriverTestExecutionListener@f9d87b, org.springframework.boot.test.autoconfigure.webservices.client.MockWebServiceServerTestExecutionListener@6ffab045, org.springframework.boot.test.mock.mockito.ResetMocksTestExecutionListener@26fb628]
11:22:53.615 [Test worker] DEBUG org.springframework.test.annotation.ProfileValueUtils - Retrieved @ProfileValueSourceConfiguration [null] for test class [it.univr.mentcareDemo.PageObject.SystemTest]
11:22:53.618 [Test worker] DEBUG org.springframework.test.annotation.ProfileValueUtils - Retrieved ProfileValueSource type [class org.springframework.test.annotation.SystemProfileValueSource] for class [it.univr.mentcareDemo.PageObject.SystemTest]
11:22:53.631 [Test worker] DEBUG org.springframework.test.annotation.ProfileValueUtils - Retrieved @ProfileValueSourceConfiguration [null] for test class [it.univr.mentcareDemo.PageObject.SystemTest]
11:22:53.632 [Test worker] DEBUG org.springframework.test.annotation.ProfileValueUtils - Retrieved ProfileValueSource type [class org.springframework.test.annotation.SystemProfileValueSource] for class [it.univr.mentcareDemo.PageObject.SystemTest]
11:22:53.634 [Test worker] DEBUG org.springframework.test.annotation.ProfileValueUtils - Retrieved @ProfileValueSourceConfiguration [null] for test class [it.univr.mentcareDemo.PageObject.SystemTest]
11:22:53.634 [Test worker] DEBUG org.springframework.test.annotation.ProfileValueUtils - Retrieved ProfileValueSource type [class org.springframework.test.annotation.SystemProfileValueSource] for class [it.univr.mentcareDemo.PageObject.SystemTest]
11:22:53.647 [Test worker] DEBUG org.springframework.test.context.support.AbstractDirtiesContextTestExecutionListener - Before test class: context [DefaultTestContext@1568159 testClass = SystemTest, testInstance = [null], testMethod = [null], testException = [null], mergedContextConfiguration = [WebMergedContextConfiguration@4fcee388 testClass = SystemTest, locations = '{}', classes = '{class it.univr.mentcareDemo.Main}', contextInitializerClasses = '[]', activeProfiles = '{}', propertySourceLocations = '{}', propertySourceProperties = '{org.springframework.boot.test.context.SpringBootTestContextBootstrapper=true}', contextCustomizers = set[org.springframework.boot.test.autoconfigure.properties.PropertyMappingContextCustomizer@0, org.springframework.boot.test.autoconfigure.web.servlet.WebDriverContextCustomizerFactory$Customizer@79517588, org.springframework.boot.test.context.filter.ExcludeFilterContextCustomizer@4c51cf28, org.springframework.boot.test.json.DuplicateJsonObjectContextCustomizerFactory$DuplicateJsonObjectContextCustomizer@77825085, org.springframework.boot.test.mock.mockito.MockitoContextCustomizer@0, org.springframework.boot.test.web.client.TestRestTemplateContextCustomizer@6ee6f53, org.springframework.boot.test.context.SpringBootTestArgs@1], resourceBasePath = 'src/main/webapp', contextLoader = 'org.springframework.boot.test.context.SpringBootContextLoader', parent = [null]], attributes = map['org.springframework.test.context.web.ServletTestExecutionListener.activateListener' -> false]], class annotated with @DirtiesContext [false] with mode [null].
11:22:53.653 [Test worker] DEBUG org.springframework.test.annotation.ProfileValueUtils - Retrieved @ProfileValueSourceConfiguration [null] for test class [it.univr.mentcareDemo.PageObject.SystemTest]
11:22:53.653 [Test worker] DEBUG org.springframework.test.annotation.ProfileValueUtils - Retrieved ProfileValueSource type [class org.springframework.test.annotation.SystemProfileValueSource] for class [it.univr.mentcareDemo.PageObject.SystemTest]
11:22:53.666 [Test worker] DEBUG org.springframework.test.context.support.DependencyInjectionTestExecutionListener - Performing dependency injection for test context [[DefaultTestContext@1568159 testClass = SystemTest, testInstance = it.univr.mentcareDemo.PageObject.SystemTest@5d25e6bb, testMethod = [null], testException = [null], mergedContextConfiguration = [WebMergedContextConfiguration@4fcee388 testClass = SystemTest, locations = '{}', classes = '{class it.univr.mentcareDemo.Main}', contextInitializerClasses = '[]', activeProfiles = '{}', propertySourceLocations = '{}', propertySourceProperties = '{org.springframework.boot.test.context.SpringBootTestContextBootstrapper=true}', contextCustomizers = set[org.springframework.boot.test.autoconfigure.properties.PropertyMappingContextCustomizer@0, org.springframework.boot.test.autoconfigure.web.servlet.WebDriverContextCustomizerFactory$Customizer@79517588, org.springframework.boot.test.context.filter.ExcludeFilterContextCustomizer@4c51cf28, org.springframework.boot.test.json.DuplicateJsonObjectContextCustomizerFactory$DuplicateJsonObjectContextCustomizer@77825085, org.springframework.boot.test.mock.mockito.MockitoContextCustomizer@0, org.springframework.boot.test.web.client.TestRestTemplateContextCustomizer@6ee6f53, org.springframework.boot.test.context.SpringBootTestArgs@1], resourceBasePath = 'src/main/webapp', contextLoader = 'org.springframework.boot.test.context.SpringBootContextLoader', parent = [null]], attributes = map['org.springframework.test.context.web.ServletTestExecutionListener.activateListener' -> false]]].
11:22:53.733 [Test worker] DEBUG org.springframework.test.context.support.TestPropertySourceUtils - Adding inlined properties to environment: {spring.jmx.enabled=false, org.springframework.boot.test.context.SpringBootTestContextBootstrapper=true}

  .   ____          _            __ _ _
 /\\ / ___'_ __ _ _(_)_ __  __ _ \ \ \ \
( ( )\___ | '_ | '_| | '_ \/ _` | \ \ \ \
 \\/  ___)| |_)| | | | | || (_| |  ) ) ) )
  '  |____| .__|_| |_|_| |_\__, | / / / /
 =========|_|==============|___/=/_/_/_/
 :: Spring Boot ::        (v2.3.2.RELEASE)

2023-02-13 11:22:54.747  INFO 17493 --- [    Test worker] i.u.mentcareDemo.PageObject.SystemTest   : Starting SystemTest on fedora with PID 17493 (started by alessandro in /home/alessandro/IdeaProjects/Mentcare_Project)
2023-02-13 11:22:54.751  INFO 17493 --- [    Test worker] i.u.mentcareDemo.PageObject.SystemTest   : No active profile set, falling back to default profiles: default
2023-02-13 11:22:55.962  INFO 17493 --- [    Test worker] .s.d.r.c.RepositoryConfigurationDelegate : Bootstrapping Spring Data JPA repositories in DEFAULT mode.
2023-02-13 11:22:56.205  INFO 17493 --- [    Test worker] .s.d.r.c.RepositoryConfigurationDelegate : Finished Spring Data repository scanning in 221ms. Found 10 JPA repository interfaces.
2023-02-13 11:22:58.428  INFO 17493 --- [    Test worker] o.s.b.w.embedded.tomcat.TomcatWebServer  : Tomcat initialized with port(s): 8080 (http)
2023-02-13 11:22:58.457  INFO 17493 --- [    Test worker] o.apache.catalina.core.StandardService   : Starting service [Tomcat]
2023-02-13 11:22:58.458  INFO 17493 --- [    Test worker] org.apache.catalina.core.StandardEngine  : Starting Servlet engine: [Apache Tomcat/9.0.37]
2023-02-13 11:22:58.796  INFO 17493 --- [    Test worker] o.a.c.c.C.[Tomcat].[localhost].[/]       : Initializing Spring embedded WebApplicationContext
2023-02-13 11:22:58.796  INFO 17493 --- [    Test worker] w.s.c.ServletWebServerApplicationContext : Root WebApplicationContext: initialization completed in 3976 ms
2023-02-13 11:22:59.006  INFO 17493 --- [    Test worker] com.zaxxer.hikari.HikariDataSource       : HikariPool-1 - Starting...
2023-02-13 11:22:59.559  INFO 17493 --- [    Test worker] com.zaxxer.hikari.HikariDataSource       : HikariPool-1 - Start completed.
2023-02-13 11:22:59.583  INFO 17493 --- [    Test worker] o.s.b.a.h2.H2ConsoleAutoConfiguration    : H2 console available at '/h2console'. Database available at 'jdbc:h2:~/mentcareDatabase19090'
2023-02-13 11:23:00.350  INFO 17493 --- [    Test worker] o.hibernate.jpa.internal.util.LogHelper  : HHH000204: Processing PersistenceUnitInfo [name: default]
2023-02-13 11:23:00.505  INFO 17493 --- [    Test worker] org.hibernate.Version                    : HHH000412: Hibernate ORM core version 5.4.18.Final
2023-02-13 11:23:00.953  INFO 17493 --- [    Test worker] o.hibernate.annotations.common.Version   : HCANN000001: Hibernate Commons Annotations {5.1.0.Final}
2023-02-13 11:23:01.289  INFO 17493 --- [    Test worker] org.hibernate.dialect.Dialect            : HHH000400: Using dialect: org.hibernate.dialect.H2Dialect
Hibernate: create table appointment (id bigint not null, date date, hour varchar(255), doctor_id bigint, nurse_id bigint, patient_id bigint, primary key (id))
Hibernate: create table drug (id bigint not null, assigned_dose float, frequency varchar(255), maximum_dose float, minimum_dose float, name varchar(255), primary key (id))
Hibernate: create table drug_deposit (id bigint not null, maximum_dose float, minimum_dose float, name varchar(255), primary key (id))
Hibernate: create table prescription (id bigint not null, last_modify date, text_report varchar(255), primary key (id))
Hibernate: create table prescription_drug_list (prescription_id bigint not null, drug_list_id bigint not null)
Hibernate: create table user (dtype varchar(31) not null, id bigint not null, birthday varchar(255), birthplace varchar(255), fiscal_code varchar(255), name varchar(255), password varchar(255), surname varchar(255), phone_number varchar(255), specialization varchar(255), dangerous boolean, pathology varchar(255), prescription_id bigint, primary key (id))
Hibernate: create table user_appointment_list (patient_id bigint not null, appointment_list_id bigint not null, nurse_id bigint not null, doctor_id bigint not null)
Hibernate: create table user_daily_patient_list (nurse_id bigint not null, daily_patient_list_id bigint not null)
Hibernate: create table user_patient_list (doctor_id bigint not null, patient_list_id bigint not null)
Hibernate: create table user_prescription_list (doctor_id bigint not null, prescription_list_id bigint not null)
Hibernate: alter table prescription_drug_list drop constraint if exists UK_e084h3ylllx8q8w4hlavoy5sm
Hibernate: alter table prescription_drug_list add constraint UK_e084h3ylllx8q8w4hlavoy5sm unique (drug_list_id)
Hibernate: alter table user_appointment_list drop constraint if exists UK_3stgluqxf1xsxmx8vb4uych9w
Hibernate: alter table user_appointment_list add constraint UK_3stgluqxf1xsxmx8vb4uych9w unique (appointment_list_id)
Hibernate: alter table user_daily_patient_list drop constraint if exists UK_dq3k8iqfinrhh77kokre9rqr5
Hibernate: alter table user_daily_patient_list add constraint UK_dq3k8iqfinrhh77kokre9rqr5 unique (daily_patient_list_id)
Hibernate: alter table user_patient_list drop constraint if exists UK_muoh51ir85o60m176mv3hgmsg
Hibernate: alter table user_patient_list add constraint UK_muoh51ir85o60m176mv3hgmsg unique (patient_list_id)
Hibernate: alter table user_prescription_list drop constraint if exists UK_529wme4q1f0u9jf646w6vxt95
Hibernate: alter table user_prescription_list add constraint UK_529wme4q1f0u9jf646w6vxt95 unique (prescription_list_id)
Hibernate: create sequence hibernate_sequence start with 1 increment by 1
Hibernate: alter table appointment add constraint FK1l62fhlqqc08wmgrvn7hjtfom foreign key (doctor_id) references user
Hibernate: alter table appointment add constraint FK8s5gthv7254q1he1kiiy4gl05 foreign key (nurse_id) references user
Hibernate: alter table appointment add constraint FKg90ck1kd0p4rbamwc22jd2oql foreign key (patient_id) references user
Hibernate: alter table prescription_drug_list add constraint FKj21vs2mghjtc5lknxk65h85q9 foreign key (drug_list_id) references drug
Hibernate: alter table prescription_drug_list add constraint FK8w318yfhmobjqh77re4bur3ty foreign key (prescription_id) references prescription
Hibernate: alter table user add constraint FK4e7fcxcmoc7omuywo2pj7sijd foreign key (prescription_id) references prescription
Hibernate: alter table user_appointment_list add constraint FKosl1qptmpynqf6lw3yy7nlyb5 foreign key (appointment_list_id) references appointment
Hibernate: alter table user_appointment_list add constraint FKcf5s4srhr1n86x2wc3iix2fle foreign key (patient_id) references user
Hibernate: alter table user_appointment_list add constraint FK1to7j6e9k96d8mgsxgs6b4d3f foreign key (nurse_id) references user
Hibernate: alter table user_appointment_list add constraint FKjxa1o6le7v091xo0gyih6p0df foreign key (doctor_id) references user
Hibernate: alter table user_daily_patient_list add constraint FKgyrx1muhs21tc1uxm7tjfgi71 foreign key (daily_patient_list_id) references user
Hibernate: alter table user_daily_patient_list add constraint FK47f211k2hsr9ymhi081eaolp1 foreign key (nurse_id) references user
Hibernate: alter table user_patient_list add constraint FKdn6n8l9uav8np8rwctjx61mki foreign key (patient_list_id) references user
Hibernate: alter table user_patient_list add constraint FK6eotufsfp5fpcin6dkqfptqer foreign key (doctor_id) references user
Hibernate: alter table user_prescription_list add constraint FKoihxl43bb2871be7rhm3bjm0 foreign key (prescription_list_id) references prescription
Hibernate: alter table user_prescription_list add constraint FKb7ugemfygnyp7kta33b4iplnv foreign key (doctor_id) references user
2023-02-13 11:23:03.709  INFO 17493 --- [    Test worker] o.h.e.t.j.p.i.JtaPlatformInitiator       : HHH000490: Using JtaPlatform implementation: [org.hibernate.engine.transaction.jta.platform.internal.NoJtaPlatform]
2023-02-13 11:23:03.741  INFO 17493 --- [    Test worker] j.LocalContainerEntityManagerFactoryBean : Initialized JPA EntityManagerFactory for persistence unit 'default'
2023-02-13 11:23:05.904  INFO 17493 --- [    Test worker] o.s.s.concurrent.ThreadPoolTaskExecutor  : Initializing ExecutorService 'applicationTaskExecutor'
2023-02-13 11:23:07.739  INFO 17493 --- [    Test worker] o.s.b.w.embedded.tomcat.TomcatWebServer  : Tomcat started on port(s): 8080 (http) with context path ''
2023-02-13 11:23:07.797  INFO 17493 --- [    Test worker] i.u.mentcareDemo.PageObject.SystemTest   : Started SystemTest in 14.056 seconds (JVM running for 17.588)
2023-02-13 11:23:10.862  INFO 17493 --- [ null to remote] o.o.selenium.remote.ProtocolHandshake    : Detected dialect: W3C
2023-02-13 11:23:11.192  INFO 17493 --- [nio-8080-exec-1] o.a.c.c.C.[Tomcat].[localhost].[/]       : Initializing Spring DispatcherServlet 'dispatcherServlet'
2023-02-13 11:23:11.193  INFO 17493 --- [nio-8080-exec-1] o.s.web.servlet.DispatcherServlet        : Initializing Servlet 'dispatcherServlet'
2023-02-13 11:23:11.251  INFO 17493 --- [nio-8080-exec-1] o.s.web.servlet.DispatcherServlet        : Completed initialization in 57 ms
Hibernate: select drugdeposi0_.id as id1_2_, drugdeposi0_.maximum_dose as maximum_2_2_, drugdeposi0_.minimum_dose as minimum_3_2_, drugdeposi0_.name as name4_2_ from drug_deposit drugdeposi0_ where drugdeposi0_.name=?
Hibernate: call next value for hibernate_sequence
Hibernate: insert into drug_deposit (maximum_dose, minimum_dose, name, id) values (?, ?, ?, ?)
Hibernate: call next value for hibernate_sequence
Hibernate: insert into user (birthday, birthplace, fiscal_code, name, password, surname, dtype, id) values (?, ?, ?, ?, ?, ?, 'Manager', ?)
Hibernate: select manager0_.id as id2_5_, manager0_.birthday as birthday3_5_, manager0_.birthplace as birthpla4_5_, manager0_.fiscal_code as fiscal_c5_5_, manager0_.name as name6_5_, manager0_.password as password7_5_, manager0_.surname as surname8_5_ from user manager0_ where manager0_.dtype='Manager' and manager0_.name=?
Hibernate: select manager0_.id as id2_5_0_, manager0_.birthday as birthday3_5_0_, manager0_.birthplace as birthpla4_5_0_, manager0_.fiscal_code as fiscal_c5_5_0_, manager0_.name as name6_5_0_, manager0_.password as password7_5_0_, manager0_.surname as surname8_5_0_ from user manager0_ where manager0_.id=? and manager0_.dtype='Manager'
Hibernate: select user0_.id as id2_5_, user0_.birthday as birthday3_5_, user0_.birthplace as birthpla4_5_, user0_.fiscal_code as fiscal_c5_5_, user0_.name as name6_5_, user0_.password as password7_5_, user0_.surname as surname8_5_, user0_.phone_number as phone_nu9_5_, user0_.specialization as special10_5_, user0_.dangerous as dangero11_5_, user0_.pathology as patholo12_5_, user0_.prescription_id as prescri13_5_, user0_.dtype as dtype1_5_ from user user0_
Hibernate: select user0_.id as id2_5_, user0_.birthday as birthday3_5_, user0_.birthplace as birthpla4_5_, user0_.fiscal_code as fiscal_c5_5_, user0_.name as name6_5_, user0_.password as password7_5_, user0_.surname as surname8_5_, user0_.phone_number as phone_nu9_5_, user0_.specialization as special10_5_, user0_.dangerous as dangero11_5_, user0_.pathology as patholo12_5_, user0_.prescription_id as prescri13_5_, user0_.dtype as dtype1_5_ from user user0_
2023-02-13 11:23:16.571  INFO 17493 --- [ null to remote] o.o.selenium.remote.ProtocolHandshake    : Detected dialect: W3C
Hibernate: select user0_.id as id2_5_, user0_.birthday as birthday3_5_, user0_.birthplace as birthpla4_5_, user0_.fiscal_code as fiscal_c5_5_, user0_.name as name6_5_, user0_.password as password7_5_, user0_.surname as surname8_5_, user0_.phone_number as phone_nu9_5_, user0_.specialization as special10_5_, user0_.dangerous as dangero11_5_, user0_.pathology as patholo12_5_, user0_.prescription_id as prescri13_5_, user0_.dtype as dtype1_5_ from user user0_
Hibernate: call next value for hibernate_sequence
Hibernate: insert into user (birthday, birthplace, fiscal_code, name, password, surname, phone_number, specialization, dtype, id) values (?, ?, ?, ?, ?, ?, ?, ?, 'Doctor', ?)
Hibernate: select user0_.id as id2_5_, user0_.birthday as birthday3_5_, user0_.birthplace as birthpla4_5_, user0_.fiscal_code as fiscal_c5_5_, user0_.name as name6_5_, user0_.password as password7_5_, user0_.surname as surname8_5_, user0_.phone_number as phone_nu9_5_, user0_.specialization as special10_5_, user0_.dangerous as dangero11_5_, user0_.pathology as patholo12_5_, user0_.prescription_id as prescri13_5_, user0_.dtype as dtype1_5_ from user user0_
2023-02-13 11:23:20.666  INFO 17493 --- [ null to remote] o.o.selenium.remote.ProtocolHandshake    : Detected dialect: W3C
Hibernate: select user0_.id as id2_5_, user0_.birthday as birthday3_5_, user0_.birthplace as birthpla4_5_, user0_.fiscal_code as fiscal_c5_5_, user0_.name as name6_5_, user0_.password as password7_5_, user0_.surname as surname8_5_, user0_.phone_number as phone_nu9_5_, user0_.specialization as special10_5_, user0_.dangerous as dangero11_5_, user0_.pathology as patholo12_5_, user0_.prescription_id as prescri13_5_, user0_.dtype as dtype1_5_ from user user0_
Hibernate: call next value for hibernate_sequence
Hibernate: call next value for hibernate_sequence
Hibernate: insert into prescription (last_modify, text_report, id) values (?, ?, ?)
Hibernate: insert into user (birthday, birthplace, fiscal_code, name, password, surname, dangerous, pathology, phone_number, prescription_id, dtype, id) values (?, ?, ?, ?, ?, ?, ?, ?, ?, ?, 'Patient', ?)
Hibernate: select user0_.id as id2_5_, user0_.birthday as birthday3_5_, user0_.birthplace as birthpla4_5_, user0_.fiscal_code as fiscal_c5_5_, user0_.name as name6_5_, user0_.password as password7_5_, user0_.surname as surname8_5_, user0_.phone_number as phone_nu9_5_, user0_.specialization as special10_5_, user0_.dangerous as dangero11_5_, user0_.pathology as patholo12_5_, user0_.prescription_id as prescri13_5_, user0_.dtype as dtype1_5_ from user user0_
2023-02-13 11:23:25.319  INFO 17493 --- [ null to remote] o.o.selenium.remote.ProtocolHandshake    : Detected dialect: W3C
Hibernate: select user0_.id as id2_5_, user0_.birthday as birthday3_5_, user0_.birthplace as birthpla4_5_, user0_.fiscal_code as fiscal_c5_5_, user0_.name as name6_5_, user0_.password as password7_5_, user0_.surname as surname8_5_, user0_.phone_number as phone_nu9_5_, user0_.specialization as special10_5_, user0_.dangerous as dangero11_5_, user0_.pathology as patholo12_5_, user0_.prescription_id as prescri13_5_, user0_.dtype as dtype1_5_ from user user0_
Hibernate: call next value for hibernate_sequence
Hibernate: insert into user (birthday, birthplace, fiscal_code, name, password, surname, dtype, id) values (?, ?, ?, ?, ?, ?, 'Nurse', ?)
Hibernate: select user0_.id as id2_5_, user0_.birthday as birthday3_5_, user0_.birthplace as birthpla4_5_, user0_.fiscal_code as fiscal_c5_5_, user0_.name as name6_5_, user0_.password as password7_5_, user0_.surname as surname8_5_, user0_.phone_number as phone_nu9_5_, user0_.specialization as special10_5_, user0_.dangerous as dangero11_5_, user0_.pathology as patholo12_5_, user0_.prescription_id as prescri13_5_, user0_.dtype as dtype1_5_ from user user0_
2023-02-13 11:23:28.532  INFO 17493 --- [ null to remote] o.o.selenium.remote.ProtocolHandshake    : Detected dialect: W3C
Hibernate: select user0_.id as id2_5_, user0_.birthday as birthday3_5_, user0_.birthplace as birthpla4_5_, user0_.fiscal_code as fiscal_c5_5_, user0_.name as name6_5_, user0_.password as password7_5_, user0_.surname as surname8_5_, user0_.phone_number as phone_nu9_5_, user0_.specialization as special10_5_, user0_.dangerous as dangero11_5_, user0_.pathology as patholo12_5_, user0_.prescription_id as prescri13_5_, user0_.dtype as dtype1_5_ from user user0_
Hibernate: call next value for hibernate_sequence
Hibernate: insert into user (birthday, birthplace, fiscal_code, name, password, surname, dtype, id) values (?, ?, ?, ?, ?, ?, 'Receptionist', ?)
Hibernate: select user0_.id as id2_5_, user0_.birthday as birthday3_5_, user0_.birthplace as birthpla4_5_, user0_.fiscal_code as fiscal_c5_5_, user0_.name as name6_5_, user0_.password as password7_5_, user0_.surname as surname8_5_, user0_.phone_number as phone_nu9_5_, user0_.specialization as special10_5_, user0_.dangerous as dangero11_5_, user0_.pathology as patholo12_5_, user0_.prescription_id as prescri13_5_, user0_.dtype as dtype1_5_ from user user0_
2023-02-13 11:23:32.380  INFO 17493 --- [ null to remote] o.o.selenium.remote.ProtocolHandshake    : Detected dialect: W3C
Hibernate: select user0_.id as id2_5_, user0_.birthday as birthday3_5_, user0_.birthplace as birthpla4_5_, user0_.fiscal_code as fiscal_c5_5_, user0_.name as name6_5_, user0_.password as password7_5_, user0_.surname as surname8_5_, user0_.phone_number as phone_nu9_5_, user0_.specialization as special10_5_, user0_.dangerous as dangero11_5_, user0_.pathology as patholo12_5_, user0_.prescription_id as prescri13_5_, user0_.dtype as dtype1_5_ from user user0_
Hibernate: select user0_.id as id2_5_, user0_.birthday as birthday3_5_, user0_.birthplace as birthpla4_5_, user0_.fiscal_code as fiscal_c5_5_, user0_.name as name6_5_, user0_.password as password7_5_, user0_.surname as surname8_5_, user0_.phone_number as phone_nu9_5_, user0_.specialization as special10_5_, user0_.dangerous as dangero11_5_, user0_.pathology as patholo12_5_, user0_.prescription_id as prescri13_5_, user0_.dtype as dtype1_5_ from user user0_
2023-02-13 11:23:35.115  INFO 17493 --- [ null to remote] o.o.selenium.remote.ProtocolHandshake    : Detected dialect: W3C
Hibernate: select receptioni0_.id as id2_5_, receptioni0_.birthday as birthday3_5_, receptioni0_.birthplace as birthpla4_5_, receptioni0_.fiscal_code as fiscal_c5_5_, receptioni0_.name as name6_5_, receptioni0_.password as password7_5_, receptioni0_.surname as surname8_5_ from user receptioni0_ where receptioni0_.dtype='Receptionist'
Hibernate: select user0_.id as id2_5_, user0_.birthday as birthday3_5_, user0_.birthplace as birthpla4_5_, user0_.fiscal_code as fiscal_c5_5_, user0_.name as name6_5_, user0_.password as password7_5_, user0_.surname as surname8_5_, user0_.phone_number as phone_nu9_5_, user0_.specialization as special10_5_, user0_.dangerous as dangero11_5_, user0_.pathology as patholo12_5_, user0_.prescription_id as prescri13_5_, user0_.dtype as dtype1_5_ from user user0_
Hibernate: select appointmen0_.id as id1_0_, appointmen0_.date as date2_0_, appointmen0_.doctor_id as doctor_i4_0_, appointmen0_.hour as hour3_0_, appointmen0_.nurse_id as nurse_id5_0_, appointmen0_.patient_id as patient_6_0_ from appointment appointmen0_
Hibernate: select doctor0_.id as id2_5_, doctor0_.birthday as birthday3_5_, doctor0_.birthplace as birthpla4_5_, doctor0_.fiscal_code as fiscal_c5_5_, doctor0_.name as name6_5_, doctor0_.password as password7_5_, doctor0_.surname as surname8_5_, doctor0_.phone_number as phone_nu9_5_, doctor0_.specialization as special10_5_ from user doctor0_ where doctor0_.dtype='Doctor'
Hibernate: select nurse0_.id as id2_5_, nurse0_.birthday as birthday3_5_, nurse0_.birthplace as birthpla4_5_, nurse0_.fiscal_code as fiscal_c5_5_, nurse0_.name as name6_5_, nurse0_.password as password7_5_, nurse0_.surname as surname8_5_ from user nurse0_ where nurse0_.dtype='Nurse'
Hibernate: select patient0_.id as id2_5_, patient0_.birthday as birthday3_5_, patient0_.birthplace as birthpla4_5_, patient0_.fiscal_code as fiscal_c5_5_, patient0_.name as name6_5_, patient0_.password as password7_5_, patient0_.surname as surname8_5_, patient0_.dangerous as dangero11_5_, patient0_.pathology as patholo12_5_, patient0_.phone_number as phone_nu9_5_, patient0_.prescription_id as prescri13_5_ from user patient0_ where patient0_.dtype='Patient'
Hibernate: select doctor0_.id as id2_5_, doctor0_.birthday as birthday3_5_, doctor0_.birthplace as birthpla4_5_, doctor0_.fiscal_code as fiscal_c5_5_, doctor0_.name as name6_5_, doctor0_.password as password7_5_, doctor0_.surname as surname8_5_, doctor0_.phone_number as phone_nu9_5_, doctor0_.specialization as special10_5_ from user doctor0_ where doctor0_.dtype='Doctor'
Hibernate: select nurse0_.id as id2_5_, nurse0_.birthday as birthday3_5_, nurse0_.birthplace as birthpla4_5_, nurse0_.fiscal_code as fiscal_c5_5_, nurse0_.name as name6_5_, nurse0_.password as password7_5_, nurse0_.surname as surname8_5_ from user nurse0_ where nurse0_.dtype='Nurse'
Hibernate: select patient0_.id as id2_5_0_, patient0_.birthday as birthday3_5_0_, patient0_.birthplace as birthpla4_5_0_, patient0_.fiscal_code as fiscal_c5_5_0_, patient0_.name as name6_5_0_, patient0_.password as password7_5_0_, patient0_.surname as surname8_5_0_, patient0_.dangerous as dangero11_5_0_, patient0_.pathology as patholo12_5_0_, patient0_.phone_number as phone_nu9_5_0_, patient0_.prescription_id as prescri13_5_0_ from user patient0_ where patient0_.id=? and patient0_.dtype='Patient'
Hibernate: call next value for hibernate_sequence
Hibernate: insert into appointment (date, doctor_id, hour, nurse_id, patient_id, id) values (?, ?, ?, ?, ?, ?)
Hibernate: select appointmen0_.id as id1_0_, appointmen0_.date as date2_0_, appointmen0_.doctor_id as doctor_i4_0_, appointmen0_.hour as hour3_0_, appointmen0_.nurse_id as nurse_id5_0_, appointmen0_.patient_id as patient_6_0_ from appointment appointmen0_
Hibernate: select patient0_.id as id2_5_0_, patient0_.birthday as birthday3_5_0_, patient0_.birthplace as birthpla4_5_0_, patient0_.fiscal_code as fiscal_c5_5_0_, patient0_.name as name6_5_0_, patient0_.password as password7_5_0_, patient0_.surname as surname8_5_0_, patient0_.dangerous as dangero11_5_0_, patient0_.pathology as patholo12_5_0_, patient0_.phone_number as phone_nu9_5_0_, patient0_.prescription_id as prescri13_5_0_ from user patient0_ where patient0_.id=? and patient0_.dtype='Patient'
Hibernate: select doctor0_.id as id2_5_0_, doctor0_.birthday as birthday3_5_0_, doctor0_.birthplace as birthpla4_5_0_, doctor0_.fiscal_code as fiscal_c5_5_0_, doctor0_.name as name6_5_0_, doctor0_.password as password7_5_0_, doctor0_.surname as surname8_5_0_, doctor0_.phone_number as phone_nu9_5_0_, doctor0_.specialization as special10_5_0_ from user doctor0_ where doctor0_.id=? and doctor0_.dtype='Doctor'
Hibernate: select nurse0_.id as id2_5_0_, nurse0_.birthday as birthday3_5_0_, nurse0_.birthplace as birthpla4_5_0_, nurse0_.fiscal_code as fiscal_c5_5_0_, nurse0_.name as name6_5_0_, nurse0_.password as password7_5_0_, nurse0_.surname as surname8_5_0_ from user nurse0_ where nurse0_.id=? and nurse0_.dtype='Nurse'
2023-02-13 11:23:40.527  INFO 17493 --- [ null to remote] o.o.selenium.remote.ProtocolHandshake    : Detected dialect: W3C
Hibernate: select appointmen0_.id as id1_0_, appointmen0_.date as date2_0_, appointmen0_.doctor_id as doctor_i4_0_, appointmen0_.hour as hour3_0_, appointmen0_.nurse_id as nurse_id5_0_, appointmen0_.patient_id as patient_6_0_ from appointment appointmen0_
Hibernate: select patient0_.id as id2_5_0_, patient0_.birthday as birthday3_5_0_, patient0_.birthplace as birthpla4_5_0_, patient0_.fiscal_code as fiscal_c5_5_0_, patient0_.name as name6_5_0_, patient0_.password as password7_5_0_, patient0_.surname as surname8_5_0_, patient0_.dangerous as dangero11_5_0_, patient0_.pathology as patholo12_5_0_, patient0_.phone_number as phone_nu9_5_0_, patient0_.prescription_id as prescri13_5_0_ from user patient0_ where patient0_.id=? and patient0_.dtype='Patient'
Hibernate: select doctor0_.id as id2_5_0_, doctor0_.birthday as birthday3_5_0_, doctor0_.birthplace as birthpla4_5_0_, doctor0_.fiscal_code as fiscal_c5_5_0_, doctor0_.name as name6_5_0_, doctor0_.password as password7_5_0_, doctor0_.surname as surname8_5_0_, doctor0_.phone_number as phone_nu9_5_0_, doctor0_.specialization as special10_5_0_ from user doctor0_ where doctor0_.id=? and doctor0_.dtype='Doctor'
Hibernate: select nurse0_.id as id2_5_0_, nurse0_.birthday as birthday3_5_0_, nurse0_.birthplace as birthpla4_5_0_, nurse0_.fiscal_code as fiscal_c5_5_0_, nurse0_.name as name6_5_0_, nurse0_.password as password7_5_0_, nurse0_.surname as surname8_5_0_ from user nurse0_ where nurse0_.id=? and nurse0_.dtype='Nurse'
Hibernate: select patient0_.id as id2_5_, patient0_.birthday as birthday3_5_, patient0_.birthplace as birthpla4_5_, patient0_.fiscal_code as fiscal_c5_5_, patient0_.name as name6_5_, patient0_.password as password7_5_, patient0_.surname as surname8_5_, patient0_.dangerous as dangero11_5_, patient0_.pathology as patholo12_5_, patient0_.phone_number as phone_nu9_5_, patient0_.prescription_id as prescri13_5_ from user patient0_ where patient0_.dtype='Patient'
Hibernate: select appointmen0_.id as id1_0_0_, appointmen0_.date as date2_0_0_, appointmen0_.doctor_id as doctor_i4_0_0_, appointmen0_.hour as hour3_0_0_, appointmen0_.nurse_id as nurse_id5_0_0_, appointmen0_.patient_id as patient_6_0_0_ from appointment appointmen0_ where appointmen0_.id=?
Hibernate: select doctor0_.id as id2_5_, doctor0_.birthday as birthday3_5_, doctor0_.birthplace as birthpla4_5_, doctor0_.fiscal_code as fiscal_c5_5_, doctor0_.name as name6_5_, doctor0_.password as password7_5_, doctor0_.surname as surname8_5_, doctor0_.phone_number as phone_nu9_5_, doctor0_.specialization as special10_5_ from user doctor0_ where doctor0_.dtype='Doctor'
Hibernate: select nurse0_.id as id2_5_, nurse0_.birthday as birthday3_5_, nurse0_.birthplace as birthpla4_5_, nurse0_.fiscal_code as fiscal_c5_5_, nurse0_.name as name6_5_, nurse0_.password as password7_5_, nurse0_.surname as surname8_5_ from user nurse0_ where nurse0_.dtype='Nurse'
Hibernate: select patient0_.id as id2_5_0_, patient0_.birthday as birthday3_5_0_, patient0_.birthplace as birthpla4_5_0_, patient0_.fiscal_code as fiscal_c5_5_0_, patient0_.name as name6_5_0_, patient0_.password as password7_5_0_, patient0_.surname as surname8_5_0_, patient0_.dangerous as dangero11_5_0_, patient0_.pathology as patholo12_5_0_, patient0_.phone_number as phone_nu9_5_0_, patient0_.prescription_id as prescri13_5_0_ from user patient0_ where patient0_.id=? and patient0_.dtype='Patient'
Hibernate: select appointmen0_.id as id1_0_0_, appointmen0_.date as date2_0_0_, appointmen0_.doctor_id as doctor_i4_0_0_, appointmen0_.hour as hour3_0_0_, appointmen0_.nurse_id as nurse_id5_0_0_, appointmen0_.patient_id as patient_6_0_0_ from appointment appointmen0_ where appointmen0_.id=?
Hibernate: delete from appointment where id=?
Hibernate: select doctor0_.id as id2_5_, doctor0_.birthday as birthday3_5_, doctor0_.birthplace as birthpla4_5_, doctor0_.fiscal_code as fiscal_c5_5_, doctor0_.name as name6_5_, doctor0_.password as password7_5_, doctor0_.surname as surname8_5_, doctor0_.phone_number as phone_nu9_5_, doctor0_.specialization as special10_5_ from user doctor0_ where doctor0_.dtype='Doctor'
Hibernate: select nurse0_.id as id2_5_, nurse0_.birthday as birthday3_5_, nurse0_.birthplace as birthpla4_5_, nurse0_.fiscal_code as fiscal_c5_5_, nurse0_.name as name6_5_, nurse0_.password as password7_5_, nurse0_.surname as surname8_5_ from user nurse0_ where nurse0_.dtype='Nurse'
Hibernate: select patient0_.id as id2_5_0_, patient0_.birthday as birthday3_5_0_, patient0_.birthplace as birthpla4_5_0_, patient0_.fiscal_code as fiscal_c5_5_0_, patient0_.name as name6_5_0_, patient0_.password as password7_5_0_, patient0_.surname as surname8_5_0_, patient0_.dangerous as dangero11_5_0_, patient0_.pathology as patholo12_5_0_, patient0_.phone_number as phone_nu9_5_0_, patient0_.prescription_id as prescri13_5_0_ from user patient0_ where patient0_.id=? and patient0_.dtype='Patient'
Hibernate: call next value for hibernate_sequence
Hibernate: insert into appointment (date, doctor_id, hour, nurse_id, patient_id, id) values (?, ?, ?, ?, ?, ?)
Hibernate: select appointmen0_.id as id1_0_, appointmen0_.date as date2_0_, appointmen0_.doctor_id as doctor_i4_0_, appointmen0_.hour as hour3_0_, appointmen0_.nurse_id as nurse_id5_0_, appointmen0_.patient_id as patient_6_0_ from appointment appointmen0_
Hibernate: select patient0_.id as id2_5_0_, patient0_.birthday as birthday3_5_0_, patient0_.birthplace as birthpla4_5_0_, patient0_.fiscal_code as fiscal_c5_5_0_, patient0_.name as name6_5_0_, patient0_.password as password7_5_0_, patient0_.surname as surname8_5_0_, patient0_.dangerous as dangero11_5_0_, patient0_.pathology as patholo12_5_0_, patient0_.phone_number as phone_nu9_5_0_, patient0_.prescription_id as prescri13_5_0_ from user patient0_ where patient0_.id=? and patient0_.dtype='Patient'
Hibernate: select doctor0_.id as id2_5_0_, doctor0_.birthday as birthday3_5_0_, doctor0_.birthplace as birthpla4_5_0_, doctor0_.fiscal_code as fiscal_c5_5_0_, doctor0_.name as name6_5_0_, doctor0_.password as password7_5_0_, doctor0_.surname as surname8_5_0_, doctor0_.phone_number as phone_nu9_5_0_, doctor0_.specialization as special10_5_0_ from user doctor0_ where doctor0_.id=? and doctor0_.dtype='Doctor'
Hibernate: select nurse0_.id as id2_5_0_, nurse0_.birthday as birthday3_5_0_, nurse0_.birthplace as birthpla4_5_0_, nurse0_.fiscal_code as fiscal_c5_5_0_, nurse0_.name as name6_5_0_, nurse0_.password as password7_5_0_, nurse0_.surname as surname8_5_0_ from user nurse0_ where nurse0_.id=? and nurse0_.dtype='Nurse'
2023-02-13 11:23:44.453  INFO 17493 --- [ null to remote] o.o.selenium.remote.ProtocolHandshake    : Detected dialect: W3C
Hibernate: select appointmen0_.id as id1_0_, appointmen0_.date as date2_0_, appointmen0_.doctor_id as doctor_i4_0_, appointmen0_.hour as hour3_0_, appointmen0_.nurse_id as nurse_id5_0_, appointmen0_.patient_id as patient_6_0_ from appointment appointmen0_
Hibernate: select patient0_.id as id2_5_0_, patient0_.birthday as birthday3_5_0_, patient0_.birthplace as birthpla4_5_0_, patient0_.fiscal_code as fiscal_c5_5_0_, patient0_.name as name6_5_0_, patient0_.password as password7_5_0_, patient0_.surname as surname8_5_0_, patient0_.dangerous as dangero11_5_0_, patient0_.pathology as patholo12_5_0_, patient0_.phone_number as phone_nu9_5_0_, patient0_.prescription_id as prescri13_5_0_ from user patient0_ where patient0_.id=? and patient0_.dtype='Patient'
Hibernate: select doctor0_.id as id2_5_0_, doctor0_.birthday as birthday3_5_0_, doctor0_.birthplace as birthpla4_5_0_, doctor0_.fiscal_code as fiscal_c5_5_0_, doctor0_.name as name6_5_0_, doctor0_.password as password7_5_0_, doctor0_.surname as surname8_5_0_, doctor0_.phone_number as phone_nu9_5_0_, doctor0_.specialization as special10_5_0_ from user doctor0_ where doctor0_.id=? and doctor0_.dtype='Doctor'
Hibernate: select nurse0_.id as id2_5_0_, nurse0_.birthday as birthday3_5_0_, nurse0_.birthplace as birthpla4_5_0_, nurse0_.fiscal_code as fiscal_c5_5_0_, nurse0_.name as name6_5_0_, nurse0_.password as password7_5_0_, nurse0_.surname as surname8_5_0_ from user nurse0_ where nurse0_.id=? and nurse0_.dtype='Nurse'
Hibernate: select appointmen0_.id as id1_0_, appointmen0_.date as date2_0_, appointmen0_.doctor_id as doctor_i4_0_, appointmen0_.hour as hour3_0_, appointmen0_.nurse_id as nurse_id5_0_, appointmen0_.patient_id as patient_6_0_ from appointment appointmen0_
Hibernate: select patient0_.id as id2_5_0_, patient0_.birthday as birthday3_5_0_, patient0_.birthplace as birthpla4_5_0_, patient0_.fiscal_code as fiscal_c5_5_0_, patient0_.name as name6_5_0_, patient0_.password as password7_5_0_, patient0_.surname as surname8_5_0_, patient0_.dangerous as dangero11_5_0_, patient0_.pathology as patholo12_5_0_, patient0_.phone_number as phone_nu9_5_0_, patient0_.prescription_id as prescri13_5_0_ from user patient0_ where patient0_.id=? and patient0_.dtype='Patient'
Hibernate: select doctor0_.id as id2_5_0_, doctor0_.birthday as birthday3_5_0_, doctor0_.birthplace as birthpla4_5_0_, doctor0_.fiscal_code as fiscal_c5_5_0_, doctor0_.name as name6_5_0_, doctor0_.password as password7_5_0_, doctor0_.surname as surname8_5_0_, doctor0_.phone_number as phone_nu9_5_0_, doctor0_.specialization as special10_5_0_ from user doctor0_ where doctor0_.id=? and doctor0_.dtype='Doctor'
Hibernate: select nurse0_.id as id2_5_0_, nurse0_.birthday as birthday3_5_0_, nurse0_.birthplace as birthpla4_5_0_, nurse0_.fiscal_code as fiscal_c5_5_0_, nurse0_.name as name6_5_0_, nurse0_.password as password7_5_0_, nurse0_.surname as surname8_5_0_ from user nurse0_ where nurse0_.id=? and nurse0_.dtype='Nurse'
2023-02-13 11:23:46.387  INFO 17493 --- [ null to remote] o.o.selenium.remote.ProtocolHandshake    : Detected dialect: W3C
Hibernate: select doctor0_.id as id2_5_, doctor0_.birthday as birthday3_5_, doctor0_.birthplace as birthpla4_5_, doctor0_.fiscal_code as fiscal_c5_5_, doctor0_.name as name6_5_, doctor0_.password as password7_5_, doctor0_.surname as surname8_5_, doctor0_.phone_number as phone_nu9_5_, doctor0_.specialization as special10_5_ from user doctor0_ where doctor0_.dtype='Doctor'
Hibernate: select user0_.id as id2_5_, user0_.birthday as birthday3_5_, user0_.birthplace as birthpla4_5_, user0_.fiscal_code as fiscal_c5_5_, user0_.name as name6_5_, user0_.password as password7_5_, user0_.surname as surname8_5_, user0_.phone_number as phone_nu9_5_, user0_.specialization as special10_5_, user0_.dangerous as dangero11_5_, user0_.pathology as patholo12_5_, user0_.prescription_id as prescri13_5_, user0_.dtype as dtype1_5_ from user user0_
Hibernate: select appointmen0_.id as id1_0_, appointmen0_.date as date2_0_, appointmen0_.doctor_id as doctor_i4_0_, appointmen0_.hour as hour3_0_, appointmen0_.nurse_id as nurse_id5_0_, appointmen0_.patient_id as patient_6_0_ from appointment appointmen0_
Hibernate: select patient0_.id as id2_5_0_, patient0_.birthday as birthday3_5_0_, patient0_.birthplace as birthpla4_5_0_, patient0_.fiscal_code as fiscal_c5_5_0_, patient0_.name as name6_5_0_, patient0_.password as password7_5_0_, patient0_.surname as surname8_5_0_, patient0_.dangerous as dangero11_5_0_, patient0_.pathology as patholo12_5_0_, patient0_.phone_number as phone_nu9_5_0_, patient0_.prescription_id as prescri13_5_0_ from user patient0_ where patient0_.id=? and patient0_.dtype='Patient'
Hibernate: select nurse0_.id as id2_5_0_, nurse0_.birthday as birthday3_5_0_, nurse0_.birthplace as birthpla4_5_0_, nurse0_.fiscal_code as fiscal_c5_5_0_, nurse0_.name as name6_5_0_, nurse0_.password as password7_5_0_, nurse0_.surname as surname8_5_0_ from user nurse0_ where nurse0_.id=? and nurse0_.dtype='Nurse'
Hibernate: select appointmen0_.id as id1_0_, appointmen0_.date as date2_0_, appointmen0_.doctor_id as doctor_i4_0_, appointmen0_.hour as hour3_0_, appointmen0_.nurse_id as nurse_id5_0_, appointmen0_.patient_id as patient_6_0_ from appointment appointmen0_
Hibernate: select patient0_.id as id2_5_0_, patient0_.birthday as birthday3_5_0_, patient0_.birthplace as birthpla4_5_0_, patient0_.fiscal_code as fiscal_c5_5_0_, patient0_.name as name6_5_0_, patient0_.password as password7_5_0_, patient0_.surname as surname8_5_0_, patient0_.dangerous as dangero11_5_0_, patient0_.pathology as patholo12_5_0_, patient0_.phone_number as phone_nu9_5_0_, patient0_.prescription_id as prescri13_5_0_ from user patient0_ where patient0_.id=? and patient0_.dtype='Patient'
Hibernate: select nurse0_.id as id2_5_0_, nurse0_.birthday as birthday3_5_0_, nurse0_.birthplace as birthpla4_5_0_, nurse0_.fiscal_code as fiscal_c5_5_0_, nurse0_.name as name6_5_0_, nurse0_.password as password7_5_0_, nurse0_.surname as surname8_5_0_ from user nurse0_ where nurse0_.id=? and nurse0_.dtype='Nurse'
2023-02-13 11:23:48.670  INFO 17493 --- [ null to remote] o.o.selenium.remote.ProtocolHandshake    : Detected dialect: W3C
Hibernate: select drugdeposi0_.id as id1_2_, drugdeposi0_.maximum_dose as maximum_2_2_, drugdeposi0_.minimum_dose as minimum_3_2_, drugdeposi0_.name as name4_2_ from drug_deposit drugdeposi0_ where drugdeposi0_.name=?
Hibernate: select doctor0_.id as id2_5_, doctor0_.birthday as birthday3_5_, doctor0_.birthplace as birthpla4_5_, doctor0_.fiscal_code as fiscal_c5_5_, doctor0_.name as name6_5_, doctor0_.password as password7_5_, doctor0_.surname as surname8_5_, doctor0_.phone_number as phone_nu9_5_, doctor0_.specialization as special10_5_ from user doctor0_ where doctor0_.dtype='Doctor'
Hibernate: select user0_.id as id2_5_, user0_.birthday as birthday3_5_, user0_.birthplace as birthpla4_5_, user0_.fiscal_code as fiscal_c5_5_, user0_.name as name6_5_, user0_.password as password7_5_, user0_.surname as surname8_5_, user0_.phone_number as phone_nu9_5_, user0_.specialization as special10_5_, user0_.dangerous as dangero11_5_, user0_.pathology as patholo12_5_, user0_.prescription_id as prescri13_5_, user0_.dtype as dtype1_5_ from user user0_
Hibernate: select appointmen0_.id as id1_0_, appointmen0_.date as date2_0_, appointmen0_.doctor_id as doctor_i4_0_, appointmen0_.hour as hour3_0_, appointmen0_.nurse_id as nurse_id5_0_, appointmen0_.patient_id as patient_6_0_ from appointment appointmen0_
Hibernate: select patient0_.id as id2_5_0_, patient0_.birthday as birthday3_5_0_, patient0_.birthplace as birthpla4_5_0_, patient0_.fiscal_code as fiscal_c5_5_0_, patient0_.name as name6_5_0_, patient0_.password as password7_5_0_, patient0_.surname as surname8_5_0_, patient0_.dangerous as dangero11_5_0_, patient0_.pathology as patholo12_5_0_, patient0_.phone_number as phone_nu9_5_0_, patient0_.prescription_id as prescri13_5_0_ from user patient0_ where patient0_.id=? and patient0_.dtype='Patient'
Hibernate: select nurse0_.id as id2_5_0_, nurse0_.birthday as birthday3_5_0_, nurse0_.birthplace as birthpla4_5_0_, nurse0_.fiscal_code as fiscal_c5_5_0_, nurse0_.name as name6_5_0_, nurse0_.password as password7_5_0_, nurse0_.surname as surname8_5_0_ from user nurse0_ where nurse0_.id=? and nurse0_.dtype='Nurse'
Hibernate: select drugdeposi0_.id as id1_2_, drugdeposi0_.maximum_dose as maximum_2_2_, drugdeposi0_.minimum_dose as minimum_3_2_, drugdeposi0_.name as name4_2_ from drug_deposit drugdeposi0_
Hibernate: select patient0_.id as id2_5_, patient0_.birthday as birthday3_5_, patient0_.birthplace as birthpla4_5_, patient0_.fiscal_code as fiscal_c5_5_, patient0_.name as name6_5_, patient0_.password as password7_5_, patient0_.surname as surname8_5_, patient0_.dangerous as dangero11_5_, patient0_.pathology as patholo12_5_, patient0_.phone_number as phone_nu9_5_, patient0_.prescription_id as prescri13_5_ from user patient0_ where patient0_.dtype='Patient'
Hibernate: select drugdeposi0_.id as id1_2_, drugdeposi0_.maximum_dose as maximum_2_2_, drugdeposi0_.minimum_dose as minimum_3_2_, drugdeposi0_.name as name4_2_ from drug_deposit drugdeposi0_
Hibernate: call next value for hibernate_sequence
Hibernate: call next value for hibernate_sequence
Hibernate: insert into prescription (last_modify, text_report, id) values (?, ?, ?)
Hibernate: insert into drug (assigned_dose, frequency, maximum_dose, minimum_dose, name, id) values (?, ?, ?, ?, ?, ?)
Hibernate: insert into prescription_drug_list (prescription_id, drug_list_id) values (?, ?)
Hibernate: select patient0_.id as id2_5_0_, patient0_.birthday as birthday3_5_0_, patient0_.birthplace as birthpla4_5_0_, patient0_.fiscal_code as fiscal_c5_5_0_, patient0_.name as name6_5_0_, patient0_.password as password7_5_0_, patient0_.surname as surname8_5_0_, patient0_.dangerous as dangero11_5_0_, patient0_.pathology as patholo12_5_0_, patient0_.phone_number as phone_nu9_5_0_, patient0_.prescription_id as prescri13_5_0_ from user patient0_ where patient0_.id=? and patient0_.dtype='Patient'
Hibernate: update user set birthday=?, birthplace=?, fiscal_code=?, name=?, password=?, surname=?, dangerous=?, pathology=?, phone_number=?, prescription_id=? where id=?
Hibernate: select appointmen0_.id as id1_0_, appointmen0_.date as date2_0_, appointmen0_.doctor_id as doctor_i4_0_, appointmen0_.hour as hour3_0_, appointmen0_.nurse_id as nurse_id5_0_, appointmen0_.patient_id as patient_6_0_ from appointment appointmen0_
Hibernate: select patient0_.id as id2_5_0_, patient0_.birthday as birthday3_5_0_, patient0_.birthplace as birthpla4_5_0_, patient0_.fiscal_code as fiscal_c5_5_0_, patient0_.name as name6_5_0_, patient0_.password as password7_5_0_, patient0_.surname as surname8_5_0_, patient0_.dangerous as dangero11_5_0_, patient0_.pathology as patholo12_5_0_, patient0_.phone_number as phone_nu9_5_0_, patient0_.prescription_id as prescri13_5_0_ from user patient0_ where patient0_.id=? and patient0_.dtype='Patient'
Hibernate: select nurse0_.id as id2_5_0_, nurse0_.birthday as birthday3_5_0_, nurse0_.birthplace as birthpla4_5_0_, nurse0_.fiscal_code as fiscal_c5_5_0_, nurse0_.name as name6_5_0_, nurse0_.password as password7_5_0_, nurse0_.surname as surname8_5_0_ from user nurse0_ where nurse0_.id=? and nurse0_.dtype='Nurse'
Hibernate: select doctor0_.id as id2_5_0_, doctor0_.birthday as birthday3_5_0_, doctor0_.birthplace as birthpla4_5_0_, doctor0_.fiscal_code as fiscal_c5_5_0_, doctor0_.name as name6_5_0_, doctor0_.password as password7_5_0_, doctor0_.surname as surname8_5_0_, doctor0_.phone_number as phone_nu9_5_0_, doctor0_.specialization as special10_5_0_ from user doctor0_ where doctor0_.id=? and doctor0_.dtype='Doctor'
Hibernate: select patient0_.id as id2_5_0_, patient0_.birthday as birthday3_5_0_, patient0_.birthplace as birthpla4_5_0_, patient0_.fiscal_code as fiscal_c5_5_0_, patient0_.name as name6_5_0_, patient0_.password as password7_5_0_, patient0_.surname as surname8_5_0_, patient0_.dangerous as dangero11_5_0_, patient0_.pathology as patholo12_5_0_, patient0_.phone_number as phone_nu9_5_0_, patient0_.prescription_id as prescri13_5_0_ from user patient0_ where patient0_.id=? and patient0_.dtype='Patient'
Hibernate: select prescripti0_.id as id1_3_0_, prescripti0_.last_modify as last_mod2_3_0_, prescripti0_.text_report as text_rep3_3_0_ from prescription prescripti0_ where prescripti0_.id=?
Hibernate: select druglist0_.prescription_id as prescrip1_4_0_, druglist0_.drug_list_id as drug_lis2_4_0_, drug1_.id as id1_1_1_, drug1_.assigned_dose as assigned2_1_1_, drug1_.frequency as frequenc3_1_1_, drug1_.maximum_dose as maximum_4_1_1_, drug1_.minimum_dose as minimum_5_1_1_, drug1_.name as name6_1_1_ from prescription_drug_list druglist0_ inner join drug drug1_ on druglist0_.drug_list_id=drug1_.id where druglist0_.prescription_id=?
2023-02-13 11:23:52.953  INFO 17493 --- [ null to remote] o.o.selenium.remote.ProtocolHandshake    : Detected dialect: W3C
Hibernate: select nurse0_.id as id2_5_, nurse0_.birthday as birthday3_5_, nurse0_.birthplace as birthpla4_5_, nurse0_.fiscal_code as fiscal_c5_5_, nurse0_.name as name6_5_, nurse0_.password as password7_5_, nurse0_.surname as surname8_5_ from user nurse0_ where nurse0_.dtype='Nurse'
Hibernate: select user0_.id as id2_5_, user0_.birthday as birthday3_5_, user0_.birthplace as birthpla4_5_, user0_.fiscal_code as fiscal_c5_5_, user0_.name as name6_5_, user0_.password as password7_5_, user0_.surname as surname8_5_, user0_.phone_number as phone_nu9_5_, user0_.specialization as special10_5_, user0_.dangerous as dangero11_5_, user0_.pathology as patholo12_5_, user0_.prescription_id as prescri13_5_, user0_.dtype as dtype1_5_ from user user0_
Hibernate: select appointmen0_.id as id1_0_, appointmen0_.date as date2_0_, appointmen0_.doctor_id as doctor_i4_0_, appointmen0_.hour as hour3_0_, appointmen0_.nurse_id as nurse_id5_0_, appointmen0_.patient_id as patient_6_0_ from appointment appointmen0_
Hibernate: select patient0_.id as id2_5_0_, patient0_.birthday as birthday3_5_0_, patient0_.birthplace as birthpla4_5_0_, patient0_.fiscal_code as fiscal_c5_5_0_, patient0_.name as name6_5_0_, patient0_.password as password7_5_0_, patient0_.surname as surname8_5_0_, patient0_.dangerous as dangero11_5_0_, patient0_.pathology as patholo12_5_0_, patient0_.phone_number as phone_nu9_5_0_, patient0_.prescription_id as prescri13_5_0_ from user patient0_ where patient0_.id=? and patient0_.dtype='Patient'
Hibernate: select doctor0_.id as id2_5_0_, doctor0_.birthday as birthday3_5_0_, doctor0_.birthplace as birthpla4_5_0_, doctor0_.fiscal_code as fiscal_c5_5_0_, doctor0_.name as name6_5_0_, doctor0_.password as password7_5_0_, doctor0_.surname as surname8_5_0_, doctor0_.phone_number as phone_nu9_5_0_, doctor0_.specialization as special10_5_0_ from user doctor0_ where doctor0_.id=? and doctor0_.dtype='Doctor'
Hibernate: select appointmen0_.id as id1_0_, appointmen0_.date as date2_0_, appointmen0_.doctor_id as doctor_i4_0_, appointmen0_.hour as hour3_0_, appointmen0_.nurse_id as nurse_id5_0_, appointmen0_.patient_id as patient_6_0_ from appointment appointmen0_
Hibernate: select patient0_.id as id2_5_0_, patient0_.birthday as birthday3_5_0_, patient0_.birthplace as birthpla4_5_0_, patient0_.fiscal_code as fiscal_c5_5_0_, patient0_.name as name6_5_0_, patient0_.password as password7_5_0_, patient0_.surname as surname8_5_0_, patient0_.dangerous as dangero11_5_0_, patient0_.pathology as patholo12_5_0_, patient0_.phone_number as phone_nu9_5_0_, patient0_.prescription_id as prescri13_5_0_ from user patient0_ where patient0_.id=? and patient0_.dtype='Patient'
2023-02-13 11:23:54.964  INFO 17493 --- [ null to remote] o.o.selenium.remote.ProtocolHandshake    : Detected dialect: W3C
Hibernate: select nurse0_.id as id2_5_, nurse0_.birthday as birthday3_5_, nurse0_.birthplace as birthpla4_5_, nurse0_.fiscal_code as fiscal_c5_5_, nurse0_.name as name6_5_, nurse0_.password as password7_5_, nurse0_.surname as surname8_5_ from user nurse0_ where nurse0_.dtype='Nurse'
Hibernate: select user0_.id as id2_5_, user0_.birthday as birthday3_5_, user0_.birthplace as birthpla4_5_, user0_.fiscal_code as fiscal_c5_5_, user0_.name as name6_5_, user0_.password as password7_5_, user0_.surname as surname8_5_, user0_.phone_number as phone_nu9_5_, user0_.specialization as special10_5_, user0_.dangerous as dangero11_5_, user0_.pathology as patholo12_5_, user0_.prescription_id as prescri13_5_, user0_.dtype as dtype1_5_ from user user0_
Hibernate: select appointmen0_.id as id1_0_, appointmen0_.date as date2_0_, appointmen0_.doctor_id as doctor_i4_0_, appointmen0_.hour as hour3_0_, appointmen0_.nurse_id as nurse_id5_0_, appointmen0_.patient_id as patient_6_0_ from appointment appointmen0_
Hibernate: select patient0_.id as id2_5_0_, patient0_.birthday as birthday3_5_0_, patient0_.birthplace as birthpla4_5_0_, patient0_.fiscal_code as fiscal_c5_5_0_, patient0_.name as name6_5_0_, patient0_.password as password7_5_0_, patient0_.surname as surname8_5_0_, patient0_.dangerous as dangero11_5_0_, patient0_.pathology as patholo12_5_0_, patient0_.phone_number as phone_nu9_5_0_, patient0_.prescription_id as prescri13_5_0_ from user patient0_ where patient0_.id=? and patient0_.dtype='Patient'
Hibernate: select doctor0_.id as id2_5_0_, doctor0_.birthday as birthday3_5_0_, doctor0_.birthplace as birthpla4_5_0_, doctor0_.fiscal_code as fiscal_c5_5_0_, doctor0_.name as name6_5_0_, doctor0_.password as password7_5_0_, doctor0_.surname as surname8_5_0_, doctor0_.phone_number as phone_nu9_5_0_, doctor0_.specialization as special10_5_0_ from user doctor0_ where doctor0_.id=? and doctor0_.dtype='Doctor'
Hibernate: select nurse0_.id as id2_5_0_, nurse0_.birthday as birthday3_5_0_, nurse0_.birthplace as birthpla4_5_0_, nurse0_.fiscal_code as fiscal_c5_5_0_, nurse0_.name as name6_5_0_, nurse0_.password as password7_5_0_, nurse0_.surname as surname8_5_0_ from user nurse0_ where nurse0_.id=? and nurse0_.dtype='Nurse'
Hibernate: select patient0_.id as id2_5_0_, patient0_.birthday as birthday3_5_0_, patient0_.birthplace as birthpla4_5_0_, patient0_.fiscal_code as fiscal_c5_5_0_, patient0_.name as name6_5_0_, patient0_.password as password7_5_0_, patient0_.surname as surname8_5_0_, patient0_.dangerous as dangero11_5_0_, patient0_.pathology as patholo12_5_0_, patient0_.phone_number as phone_nu9_5_0_, patient0_.prescription_id as prescri13_5_0_ from user patient0_ where patient0_.id=? and patient0_.dtype='Patient'
Hibernate: select prescripti0_.id as id1_3_0_, prescripti0_.last_modify as last_mod2_3_0_, prescripti0_.text_report as text_rep3_3_0_ from prescription prescripti0_ where prescripti0_.id=?
Hibernate: select druglist0_.prescription_id as prescrip1_4_0_, druglist0_.drug_list_id as drug_lis2_4_0_, drug1_.id as id1_1_1_, drug1_.assigned_dose as assigned2_1_1_, drug1_.frequency as frequenc3_1_1_, drug1_.maximum_dose as maximum_4_1_1_, drug1_.minimum_dose as minimum_5_1_1_, drug1_.name as name6_1_1_ from prescription_drug_list druglist0_ inner join drug drug1_ on druglist0_.drug_list_id=drug1_.id where druglist0_.prescription_id=?
2023-02-13 11:23:57.385  INFO 17493 --- [ null to remote] o.o.selenium.remote.ProtocolHandshake    : Detected dialect: W3C
Hibernate: select patient0_.id as id2_5_, patient0_.birthday as birthday3_5_, patient0_.birthplace as birthpla4_5_, patient0_.fiscal_code as fiscal_c5_5_, patient0_.name as name6_5_, patient0_.password as password7_5_, patient0_.surname as surname8_5_, patient0_.dangerous as dangero11_5_, patient0_.pathology as patholo12_5_, patient0_.phone_number as phone_nu9_5_, patient0_.prescription_id as prescri13_5_ from user patient0_ where patient0_.dtype='Patient'
Hibernate: select user0_.id as id2_5_, user0_.birthday as birthday3_5_, user0_.birthplace as birthpla4_5_, user0_.fiscal_code as fiscal_c5_5_, user0_.name as name6_5_, user0_.password as password7_5_, user0_.surname as surname8_5_, user0_.phone_number as phone_nu9_5_, user0_.specialization as special10_5_, user0_.dangerous as dangero11_5_, user0_.pathology as patholo12_5_, user0_.prescription_id as prescri13_5_, user0_.dtype as dtype1_5_ from user user0_
Hibernate: select appointmen0_.id as id1_0_, appointmen0_.date as date2_0_, appointmen0_.doctor_id as doctor_i4_0_, appointmen0_.hour as hour3_0_, appointmen0_.nurse_id as nurse_id5_0_, appointmen0_.patient_id as patient_6_0_ from appointment appointmen0_
Hibernate: select patient0_.id as id2_5_0_, patient0_.birthday as birthday3_5_0_, patient0_.birthplace as birthpla4_5_0_, patient0_.fiscal_code as fiscal_c5_5_0_, patient0_.name as name6_5_0_, patient0_.password as password7_5_0_, patient0_.surname as surname8_5_0_, patient0_.dangerous as dangero11_5_0_, patient0_.pathology as patholo12_5_0_, patient0_.phone_number as phone_nu9_5_0_, patient0_.prescription_id as prescri13_5_0_ from user patient0_ where patient0_.id=? and patient0_.dtype='Patient'
Hibernate: select doctor0_.id as id2_5_0_, doctor0_.birthday as birthday3_5_0_, doctor0_.birthplace as birthpla4_5_0_, doctor0_.fiscal_code as fiscal_c5_5_0_, doctor0_.name as name6_5_0_, doctor0_.password as password7_5_0_, doctor0_.surname as surname8_5_0_, doctor0_.phone_number as phone_nu9_5_0_, doctor0_.specialization as special10_5_0_ from user doctor0_ where doctor0_.id=? and doctor0_.dtype='Doctor'
Hibernate: select nurse0_.id as id2_5_0_, nurse0_.birthday as birthday3_5_0_, nurse0_.birthplace as birthpla4_5_0_, nurse0_.fiscal_code as fiscal_c5_5_0_, nurse0_.name as name6_5_0_, nurse0_.password as password7_5_0_, nurse0_.surname as surname8_5_0_ from user nurse0_ where nurse0_.id=? and nurse0_.dtype='Nurse'
Hibernate: select prescripti0_.id as id1_3_0_, prescripti0_.last_modify as last_mod2_3_0_, prescripti0_.text_report as text_rep3_3_0_ from prescription prescripti0_ where prescripti0_.id=?
Hibernate: select druglist0_.prescription_id as prescrip1_4_0_, druglist0_.drug_list_id as drug_lis2_4_0_, drug1_.id as id1_1_1_, drug1_.assigned_dose as assigned2_1_1_, drug1_.frequency as frequenc3_1_1_, drug1_.maximum_dose as maximum_4_1_1_, drug1_.minimum_dose as minimum_5_1_1_, drug1_.name as name6_1_1_ from prescription_drug_list druglist0_ inner join drug drug1_ on druglist0_.drug_list_id=drug1_.id where druglist0_.prescription_id=?
2023-02-13 11:24:00.502  INFO 17493 --- [ null to remote] o.o.selenium.remote.ProtocolHandshake    : Detected dialect: W3C
Hibernate: select patient0_.id as id2_5_, patient0_.birthday as birthday3_5_, patient0_.birthplace as birthpla4_5_, patient0_.fiscal_code as fiscal_c5_5_, patient0_.name as name6_5_, patient0_.password as password7_5_, patient0_.surname as surname8_5_, patient0_.dangerous as dangero11_5_, patient0_.pathology as patholo12_5_, patient0_.phone_number as phone_nu9_5_, patient0_.prescription_id as prescri13_5_ from user patient0_ where patient0_.dtype='Patient'
Hibernate: select appointmen0_.id as id1_0_, appointmen0_.date as date2_0_, appointmen0_.doctor_id as doctor_i4_0_, appointmen0_.hour as hour3_0_, appointmen0_.nurse_id as nurse_id5_0_, appointmen0_.patient_id as patient_6_0_ from appointment appointmen0_
Hibernate: select user0_.id as id2_5_, user0_.birthday as birthday3_5_, user0_.birthplace as birthpla4_5_, user0_.fiscal_code as fiscal_c5_5_, user0_.name as name6_5_, user0_.password as password7_5_, user0_.surname as surname8_5_, user0_.phone_number as phone_nu9_5_, user0_.specialization as special10_5_, user0_.dangerous as dangero11_5_, user0_.pathology as patholo12_5_, user0_.prescription_id as prescri13_5_, user0_.dtype as dtype1_5_ from user user0_
Hibernate: select appointmen0_.id as id1_0_, appointmen0_.date as date2_0_, appointmen0_.doctor_id as doctor_i4_0_, appointmen0_.hour as hour3_0_, appointmen0_.nurse_id as nurse_id5_0_, appointmen0_.patient_id as patient_6_0_ from appointment appointmen0_
Hibernate: select patient0_.id as id2_5_0_, patient0_.birthday as birthday3_5_0_, patient0_.birthplace as birthpla4_5_0_, patient0_.fiscal_code as fiscal_c5_5_0_, patient0_.name as name6_5_0_, patient0_.password as password7_5_0_, patient0_.surname as surname8_5_0_, patient0_.dangerous as dangero11_5_0_, patient0_.pathology as patholo12_5_0_, patient0_.phone_number as phone_nu9_5_0_, patient0_.prescription_id as prescri13_5_0_ from user patient0_ where patient0_.id=? and patient0_.dtype='Patient'
Hibernate: select doctor0_.id as id2_5_0_, doctor0_.birthday as birthday3_5_0_, doctor0_.birthplace as birthpla4_5_0_, doctor0_.fiscal_code as fiscal_c5_5_0_, doctor0_.name as name6_5_0_, doctor0_.password as password7_5_0_, doctor0_.surname as surname8_5_0_, doctor0_.phone_number as phone_nu9_5_0_, doctor0_.specialization as special10_5_0_ from user doctor0_ where doctor0_.id=? and doctor0_.dtype='Doctor'
Hibernate: select nurse0_.id as id2_5_0_, nurse0_.birthday as birthday3_5_0_, nurse0_.birthplace as birthpla4_5_0_, nurse0_.fiscal_code as fiscal_c5_5_0_, nurse0_.name as name6_5_0_, nurse0_.password as password7_5_0_, nurse0_.surname as surname8_5_0_ from user nurse0_ where nurse0_.id=? and nurse0_.dtype='Nurse'
2023-02-13 11:24:02.806  INFO 17493 --- [ null to remote] o.o.selenium.remote.ProtocolHandshake    : Detected dialect: W3C
Hibernate: select nurse0_.id as id2_5_, nurse0_.birthday as birthday3_5_, nurse0_.birthplace as birthpla4_5_, nurse0_.fiscal_code as fiscal_c5_5_, nurse0_.name as name6_5_, nurse0_.password as password7_5_, nurse0_.surname as surname8_5_ from user nurse0_ where nurse0_.dtype='Nurse'
Hibernate: select appointmen0_.id as id1_0_, appointmen0_.date as date2_0_, appointmen0_.doctor_id as doctor_i4_0_, appointmen0_.hour as hour3_0_, appointmen0_.nurse_id as nurse_id5_0_, appointmen0_.patient_id as patient_6_0_ from appointment appointmen0_
Hibernate: select patient0_.id as id2_5_, patient0_.birthday as birthday3_5_, patient0_.birthplace as birthpla4_5_, patient0_.fiscal_code as fiscal_c5_5_, patient0_.name as name6_5_, patient0_.password as password7_5_, patient0_.surname as surname8_5_, patient0_.dangerous as dangero11_5_, patient0_.pathology as patholo12_5_, patient0_.phone_number as phone_nu9_5_, patient0_.prescription_id as prescri13_5_ from user patient0_ where patient0_.dtype='Patient'
Hibernate: select user0_.id as id2_5_, user0_.birthday as birthday3_5_, user0_.birthplace as birthpla4_5_, user0_.fiscal_code as fiscal_c5_5_, user0_.name as name6_5_, user0_.password as password7_5_, user0_.surname as surname8_5_, user0_.phone_number as phone_nu9_5_, user0_.specialization as special10_5_, user0_.dangerous as dangero11_5_, user0_.pathology as patholo12_5_, user0_.prescription_id as prescri13_5_, user0_.dtype as dtype1_5_ from user user0_
Hibernate: select appointmen0_.id as id1_0_, appointmen0_.date as date2_0_, appointmen0_.doctor_id as doctor_i4_0_, appointmen0_.hour as hour3_0_, appointmen0_.nurse_id as nurse_id5_0_, appointmen0_.patient_id as patient_6_0_ from appointment appointmen0_
Hibernate: select patient0_.id as id2_5_0_, patient0_.birthday as birthday3_5_0_, patient0_.birthplace as birthpla4_5_0_, patient0_.fiscal_code as fiscal_c5_5_0_, patient0_.name as name6_5_0_, patient0_.password as password7_5_0_, patient0_.surname as surname8_5_0_, patient0_.dangerous as dangero11_5_0_, patient0_.pathology as patholo12_5_0_, patient0_.phone_number as phone_nu9_5_0_, patient0_.prescription_id as prescri13_5_0_ from user patient0_ where patient0_.id=? and patient0_.dtype='Patient'
Hibernate: select doctor0_.id as id2_5_0_, doctor0_.birthday as birthday3_5_0_, doctor0_.birthplace as birthpla4_5_0_, doctor0_.fiscal_code as fiscal_c5_5_0_, doctor0_.name as name6_5_0_, doctor0_.password as password7_5_0_, doctor0_.surname as surname8_5_0_, doctor0_.phone_number as phone_nu9_5_0_, doctor0_.specialization as special10_5_0_ from user doctor0_ where doctor0_.id=? and doctor0_.dtype='Doctor'
2023-02-13 11:24:04.852  INFO 17493 --- [ null to remote] o.o.selenium.remote.ProtocolHandshake    : Detected dialect: W3C
Hibernate: select doctor0_.id as id2_5_, doctor0_.birthday as birthday3_5_, doctor0_.birthplace as birthpla4_5_, doctor0_.fiscal_code as fiscal_c5_5_, doctor0_.name as name6_5_, doctor0_.password as password7_5_, doctor0_.surname as surname8_5_, doctor0_.phone_number as phone_nu9_5_, doctor0_.specialization as special10_5_ from user doctor0_ where doctor0_.dtype='Doctor'
Hibernate: select user0_.id as id2_5_, user0_.birthday as birthday3_5_, user0_.birthplace as birthpla4_5_, user0_.fiscal_code as fiscal_c5_5_, user0_.name as name6_5_, user0_.password as password7_5_, user0_.surname as surname8_5_, user0_.phone_number as phone_nu9_5_, user0_.specialization as special10_5_, user0_.dangerous as dangero11_5_, user0_.pathology as patholo12_5_, user0_.prescription_id as prescri13_5_, user0_.dtype as dtype1_5_ from user user0_
Hibernate: select appointmen0_.id as id1_0_, appointmen0_.date as date2_0_, appointmen0_.doctor_id as doctor_i4_0_, appointmen0_.hour as hour3_0_, appointmen0_.nurse_id as nurse_id5_0_, appointmen0_.patient_id as patient_6_0_ from appointment appointmen0_
Hibernate: select patient0_.id as id2_5_0_, patient0_.birthday as birthday3_5_0_, patient0_.birthplace as birthpla4_5_0_, patient0_.fiscal_code as fiscal_c5_5_0_, patient0_.name as name6_5_0_, patient0_.password as password7_5_0_, patient0_.surname as surname8_5_0_, patient0_.dangerous as dangero11_5_0_, patient0_.pathology as patholo12_5_0_, patient0_.phone_number as phone_nu9_5_0_, patient0_.prescription_id as prescri13_5_0_ from user patient0_ where patient0_.id=? and patient0_.dtype='Patient'
Hibernate: select nurse0_.id as id2_5_0_, nurse0_.birthday as birthday3_5_0_, nurse0_.birthplace as birthpla4_5_0_, nurse0_.fiscal_code as fiscal_c5_5_0_, nurse0_.name as name6_5_0_, nurse0_.password as password7_5_0_, nurse0_.surname as surname8_5_0_ from user nurse0_ where nurse0_.id=? and nurse0_.dtype='Nurse'
Hibernate: select appointmen0_.id as id1_0_, appointmen0_.date as date2_0_, appointmen0_.doctor_id as doctor_i4_0_, appointmen0_.hour as hour3_0_, appointmen0_.nurse_id as nurse_id5_0_, appointmen0_.patient_id as patient_6_0_ from appointment appointmen0_
Hibernate: select patient0_.id as id2_5_, patient0_.birthday as birthday3_5_, patient0_.birthplace as birthpla4_5_, patient0_.fiscal_code as fiscal_c5_5_, patient0_.name as name6_5_, patient0_.password as password7_5_, patient0_.surname as surname8_5_, patient0_.dangerous as dangero11_5_, patient0_.pathology as patholo12_5_, patient0_.phone_number as phone_nu9_5_, patient0_.prescription_id as prescri13_5_ from user patient0_ where patient0_.dtype='Patient'
2023-02-13 11:24:06.840  INFO 17493 --- [ null to remote] o.o.selenium.remote.ProtocolHandshake    : Detected dialect: W3C
Hibernate: select receptioni0_.id as id2_5_, receptioni0_.birthday as birthday3_5_, receptioni0_.birthplace as birthpla4_5_, receptioni0_.fiscal_code as fiscal_c5_5_, receptioni0_.name as name6_5_, receptioni0_.password as password7_5_, receptioni0_.surname as surname8_5_ from user receptioni0_ where receptioni0_.dtype='Receptionist'
Hibernate: select appointmen0_.id as id1_0_, appointmen0_.date as date2_0_, appointmen0_.doctor_id as doctor_i4_0_, appointmen0_.hour as hour3_0_, appointmen0_.nurse_id as nurse_id5_0_, appointmen0_.patient_id as patient_6_0_ from appointment appointmen0_
Hibernate: select user0_.id as id2_5_, user0_.birthday as birthday3_5_, user0_.birthplace as birthpla4_5_, user0_.fiscal_code as fiscal_c5_5_, user0_.name as name6_5_, user0_.password as password7_5_, user0_.surname as surname8_5_, user0_.phone_number as phone_nu9_5_, user0_.specialization as special10_5_, user0_.dangerous as dangero11_5_, user0_.pathology as patholo12_5_, user0_.prescription_id as prescri13_5_, user0_.dtype as dtype1_5_ from user user0_
Hibernate: select appointmen0_.id as id1_0_, appointmen0_.date as date2_0_, appointmen0_.doctor_id as doctor_i4_0_, appointmen0_.hour as hour3_0_, appointmen0_.nurse_id as nurse_id5_0_, appointmen0_.patient_id as patient_6_0_ from appointment appointmen0_
Hibernate: select patient0_.id as id2_5_0_, patient0_.birthday as birthday3_5_0_, patient0_.birthplace as birthpla4_5_0_, patient0_.fiscal_code as fiscal_c5_5_0_, patient0_.name as name6_5_0_, patient0_.password as password7_5_0_, patient0_.surname as surname8_5_0_, patient0_.dangerous as dangero11_5_0_, patient0_.pathology as patholo12_5_0_, patient0_.phone_number as phone_nu9_5_0_, patient0_.prescription_id as prescri13_5_0_ from user patient0_ where patient0_.id=? and patient0_.dtype='Patient'
Hibernate: select doctor0_.id as id2_5_0_, doctor0_.birthday as birthday3_5_0_, doctor0_.birthplace as birthpla4_5_0_, doctor0_.fiscal_code as fiscal_c5_5_0_, doctor0_.name as name6_5_0_, doctor0_.password as password7_5_0_, doctor0_.surname as surname8_5_0_, doctor0_.phone_number as phone_nu9_5_0_, doctor0_.specialization as special10_5_0_ from user doctor0_ where doctor0_.id=? and doctor0_.dtype='Doctor'
Hibernate: select nurse0_.id as id2_5_0_, nurse0_.birthday as birthday3_5_0_, nurse0_.birthplace as birthpla4_5_0_, nurse0_.fiscal_code as fiscal_c5_5_0_, nurse0_.name as name6_5_0_, nurse0_.password as password7_5_0_, nurse0_.surname as surname8_5_0_ from user nurse0_ where nurse0_.id=? and nurse0_.dtype='Nurse'
Hibernate: select appointmen0_.id as id1_0_0_, appointmen0_.date as date2_0_0_, appointmen0_.doctor_id as doctor_i4_0_0_, appointmen0_.hour as hour3_0_0_, appointmen0_.nurse_id as nurse_id5_0_0_, appointmen0_.patient_id as patient_6_0_0_ from appointment appointmen0_ where appointmen0_.id=?
Hibernate: update appointment set date=?, doctor_id=?, hour=?, nurse_id=?, patient_id=? where id=?
Hibernate: delete from appointment where id=?
Hibernate: select appointmen0_.id as id1_0_, appointmen0_.date as date2_0_, appointmen0_.doctor_id as doctor_i4_0_, appointmen0_.hour as hour3_0_, appointmen0_.nurse_id as nurse_id5_0_, appointmen0_.patient_id as patient_6_0_ from appointment appointmen0_
2023-02-13 11:24:08.638  INFO 17493 --- [ null to remote] o.o.selenium.remote.ProtocolHandshake    : Detected dialect: W3C
Hibernate: select doctor0_.id as id2_5_, doctor0_.birthday as birthday3_5_, doctor0_.birthplace as birthpla4_5_, doctor0_.fiscal_code as fiscal_c5_5_, doctor0_.name as name6_5_, doctor0_.password as password7_5_, doctor0_.surname as surname8_5_, doctor0_.phone_number as phone_nu9_5_, doctor0_.specialization as special10_5_ from user doctor0_ where doctor0_.dtype='Doctor'
Hibernate: select appointmen0_.doctor_id as doctor_i4_6_0_, appointmen0_.appointment_list_id as appointm2_6_0_, appointmen1_.id as id1_0_1_, appointmen1_.date as date2_0_1_, appointmen1_.doctor_id as doctor_i4_0_1_, appointmen1_.hour as hour3_0_1_, appointmen1_.nurse_id as nurse_id5_0_1_, appointmen1_.patient_id as patient_6_0_1_ from user_appointment_list appointmen0_ inner join appointment appointmen1_ on appointmen0_.appointment_list_id=appointmen1_.id where appointmen0_.doctor_id=?
Hibernate: select patientlis0_.doctor_id as doctor_i1_8_0_, patientlis0_.patient_list_id as patient_2_8_0_, patient1_.id as id2_5_1_, patient1_.birthday as birthday3_5_1_, patient1_.birthplace as birthpla4_5_1_, patient1_.fiscal_code as fiscal_c5_5_1_, patient1_.name as name6_5_1_, patient1_.password as password7_5_1_, patient1_.surname as surname8_5_1_, patient1_.dangerous as dangero11_5_1_, patient1_.pathology as patholo12_5_1_, patient1_.phone_number as phone_nu9_5_1_, patient1_.prescription_id as prescri13_5_1_ from user_patient_list patientlis0_ inner join user patient1_ on patientlis0_.patient_list_id=patient1_.id where patientlis0_.doctor_id=?
Hibernate: select prescripti0_.doctor_id as doctor_i1_9_0_, prescripti0_.prescription_list_id as prescrip2_9_0_, prescripti1_.id as id1_3_1_, prescripti1_.last_modify as last_mod2_3_1_, prescripti1_.text_report as text_rep3_3_1_ from user_prescription_list prescripti0_ inner join prescription prescripti1_ on prescripti0_.prescription_list_id=prescripti1_.id where prescripti0_.doctor_id=?
Hibernate: delete from user where id=?
Hibernate: select patient0_.id as id2_5_, patient0_.birthday as birthday3_5_, patient0_.birthplace as birthpla4_5_, patient0_.fiscal_code as fiscal_c5_5_, patient0_.name as name6_5_, patient0_.password as password7_5_, patient0_.surname as surname8_5_, patient0_.dangerous as dangero11_5_, patient0_.pathology as patholo12_5_, patient0_.phone_number as phone_nu9_5_, patient0_.prescription_id as prescri13_5_ from user patient0_ where patient0_.dtype='Patient'
Hibernate: select appointmen0_.patient_id as patient_1_6_0_, appointmen0_.appointment_list_id as appointm2_6_0_, appointmen1_.id as id1_0_1_, appointmen1_.date as date2_0_1_, appointmen1_.doctor_id as doctor_i4_0_1_, appointmen1_.hour as hour3_0_1_, appointmen1_.nurse_id as nurse_id5_0_1_, appointmen1_.patient_id as patient_6_0_1_ from user_appointment_list appointmen0_ inner join appointment appointmen1_ on appointmen0_.appointment_list_id=appointmen1_.id where appointmen0_.patient_id=?
Hibernate: select prescripti0_.id as id1_3_0_, prescripti0_.last_modify as last_mod2_3_0_, prescripti0_.text_report as text_rep3_3_0_ from prescription prescripti0_ where prescripti0_.id=?
Hibernate: select druglist0_.prescription_id as prescrip1_4_0_, druglist0_.drug_list_id as drug_lis2_4_0_, drug1_.id as id1_1_1_, drug1_.assigned_dose as assigned2_1_1_, drug1_.frequency as frequenc3_1_1_, drug1_.maximum_dose as maximum_4_1_1_, drug1_.minimum_dose as minimum_5_1_1_, drug1_.name as name6_1_1_ from prescription_drug_list druglist0_ inner join drug drug1_ on druglist0_.drug_list_id=drug1_.id where druglist0_.prescription_id=?
Hibernate: delete from prescription_drug_list where prescription_id=?
Hibernate: delete from user where id=?
Hibernate: delete from drug where id=?
Hibernate: delete from prescription where id=?
Hibernate: select nurse0_.id as id2_5_, nurse0_.birthday as birthday3_5_, nurse0_.birthplace as birthpla4_5_, nurse0_.fiscal_code as fiscal_c5_5_, nurse0_.name as name6_5_, nurse0_.password as password7_5_, nurse0_.surname as surname8_5_ from user nurse0_ where nurse0_.dtype='Nurse'
Hibernate: select appointmen0_.nurse_id as nurse_id3_6_0_, appointmen0_.appointment_list_id as appointm2_6_0_, appointmen1_.id as id1_0_1_, appointmen1_.date as date2_0_1_, appointmen1_.doctor_id as doctor_i4_0_1_, appointmen1_.hour as hour3_0_1_, appointmen1_.nurse_id as nurse_id5_0_1_, appointmen1_.patient_id as patient_6_0_1_ from user_appointment_list appointmen0_ inner join appointment appointmen1_ on appointmen0_.appointment_list_id=appointmen1_.id where appointmen0_.nurse_id=?
Hibernate: select dailypatie0_.nurse_id as nurse_id1_7_0_, dailypatie0_.daily_patient_list_id as daily_pa2_7_0_, patient1_.id as id2_5_1_, patient1_.birthday as birthday3_5_1_, patient1_.birthplace as birthpla4_5_1_, patient1_.fiscal_code as fiscal_c5_5_1_, patient1_.name as name6_5_1_, patient1_.password as password7_5_1_, patient1_.surname as surname8_5_1_, patient1_.dangerous as dangero11_5_1_, patient1_.pathology as patholo12_5_1_, patient1_.phone_number as phone_nu9_5_1_, patient1_.prescription_id as prescri13_5_1_ from user_daily_patient_list dailypatie0_ inner join user patient1_ on dailypatie0_.daily_patient_list_id=patient1_.id where dailypatie0_.nurse_id=?
Hibernate: delete from user where id=?
Hibernate: select manager0_.id as id2_5_, manager0_.birthday as birthday3_5_, manager0_.birthplace as birthpla4_5_, manager0_.fiscal_code as fiscal_c5_5_, manager0_.name as name6_5_, manager0_.password as password7_5_, manager0_.surname as surname8_5_ from user manager0_ where manager0_.dtype='Manager'
Hibernate: delete from user where id=?
]]></system-out>
  <system-err><![CDATA[Starting ChromeDriver 110.0.5481.77 (65ed616c6e8ee3fe0ad64fe83796c020644d42af-refs/branch-heads/5481@{#839}) on port 4019
Only local connections are allowed.
Please see https://chromedriver.chromium.org/security-considerations for suggestions on keeping ChromeDriver safe.
ChromeDriver was started successfully.
[1676283789,832][WARNING]: virtual void DevToolsClientImpl::AddListener(DevToolsEventListener *) subscribing a listener to the already connected DevToolsClient. Connection notification will not arrive.
Starting ChromeDriver 110.0.5481.77 (65ed616c6e8ee3fe0ad64fe83796c020644d42af-refs/branch-heads/5481@{#839}) on port 1929
Only local connections are allowed.
Please see https://chromedriver.chromium.org/security-considerations for suggestions on keeping ChromeDriver safe.
ChromeDriver was started successfully.
[1676283796,292][WARNING]: virtual void DevToolsClientImpl::AddListener(DevToolsEventListener *) subscribing a listener to the already connected DevToolsClient. Connection notification will not arrive.
Starting ChromeDriver 110.0.5481.77 (65ed616c6e8ee3fe0ad64fe83796c020644d42af-refs/branch-heads/5481@{#839}) on port 7755
Only local connections are allowed.
Please see https://chromedriver.chromium.org/security-considerations for suggestions on keeping ChromeDriver safe.
ChromeDriver was started successfully.
[1676283800,371][WARNING]: virtual void DevToolsClientImpl::AddListener(DevToolsEventListener *) subscribing a listener to the already connected DevToolsClient. Connection notification will not arrive.
Starting ChromeDriver 110.0.5481.77 (65ed616c6e8ee3fe0ad64fe83796c020644d42af-refs/branch-heads/5481@{#839}) on port 24110
Only local connections are allowed.
Please see https://chromedriver.chromium.org/security-considerations for suggestions on keeping ChromeDriver safe.
ChromeDriver was started successfully.
[1676283805,128][WARNING]: virtual void DevToolsClientImpl::AddListener(DevToolsEventListener *) subscribing a listener to the already connected DevToolsClient. Connection notification will not arrive.
Starting ChromeDriver 110.0.5481.77 (65ed616c6e8ee3fe0ad64fe83796c020644d42af-refs/branch-heads/5481@{#839}) on port 1073
Only local connections are allowed.
Please see https://chromedriver.chromium.org/security-considerations for suggestions on keeping ChromeDriver safe.
ChromeDriver was started successfully.
[1676283808,339][WARNING]: virtual void DevToolsClientImpl::AddListener(DevToolsEventListener *) subscribing a listener to the already connected DevToolsClient. Connection notification will not arrive.
Starting ChromeDriver 110.0.5481.77 (65ed616c6e8ee3fe0ad64fe83796c020644d42af-refs/branch-heads/5481@{#839}) on port 24639
Only local connections are allowed.
Please see https://chromedriver.chromium.org/security-considerations for suggestions on keeping ChromeDriver safe.
ChromeDriver was started successfully.
[1676283811,945][WARNING]: virtual void DevToolsClientImpl::AddListener(DevToolsEventListener *) subscribing a listener to the already connected DevToolsClient. Connection notification will not arrive.
Starting ChromeDriver 110.0.5481.77 (65ed616c6e8ee3fe0ad64fe83796c020644d42af-refs/branch-heads/5481@{#839}) on port 18172
Only local connections are allowed.
Please see https://chromedriver.chromium.org/security-considerations for suggestions on keeping ChromeDriver safe.
ChromeDriver was started successfully.
[1676283814,834][WARNING]: virtual void DevToolsClientImpl::AddListener(DevToolsEventListener *) subscribing a listener to the already connected DevToolsClient. Connection notification will not arrive.
Starting ChromeDriver 110.0.5481.77 (65ed616c6e8ee3fe0ad64fe83796c020644d42af-refs/branch-heads/5481@{#839}) on port 15274
Only local connections are allowed.
Please see https://chromedriver.chromium.org/security-considerations for suggestions on keeping ChromeDriver safe.
ChromeDriver was started successfully.
[1676283820,269][WARNING]: virtual void DevToolsClientImpl::AddListener(DevToolsEventListener *) subscribing a listener to the already connected DevToolsClient. Connection notification will not arrive.
Starting ChromeDriver 110.0.5481.77 (65ed616c6e8ee3fe0ad64fe83796c020644d42af-refs/branch-heads/5481@{#839}) on port 2924
Only local connections are allowed.
Please see https://chromedriver.chromium.org/security-considerations for suggestions on keeping ChromeDriver safe.
ChromeDriver was started successfully.
[1676283824,260][WARNING]: virtual void DevToolsClientImpl::AddListener(DevToolsEventListener *) subscribing a listener to the already connected DevToolsClient. Connection notification will not arrive.
Starting ChromeDriver 110.0.5481.77 (65ed616c6e8ee3fe0ad64fe83796c020644d42af-refs/branch-heads/5481@{#839}) on port 30770
Only local connections are allowed.
Please see https://chromedriver.chromium.org/security-considerations for suggestions on keeping ChromeDriver safe.
ChromeDriver was started successfully.
[1676283826,182][WARNING]: virtual void DevToolsClientImpl::AddListener(DevToolsEventListener *) subscribing a listener to the already connected DevToolsClient. Connection notification will not arrive.
Starting ChromeDriver 110.0.5481.77 (65ed616c6e8ee3fe0ad64fe83796c020644d42af-refs/branch-heads/5481@{#839}) on port 11471
Only local connections are allowed.
Please see https://chromedriver.chromium.org/security-considerations for suggestions on keeping ChromeDriver safe.
ChromeDriver was started successfully.
[1676283828,482][WARNING]: virtual void DevToolsClientImpl::AddListener(DevToolsEventListener *) subscribing a listener to the already connected DevToolsClient. Connection notification will not arrive.
Starting ChromeDriver 110.0.5481.77 (65ed616c6e8ee3fe0ad64fe83796c020644d42af-refs/branch-heads/5481@{#839}) on port 8694
Only local connections are allowed.
Please see https://chromedriver.chromium.org/security-considerations for suggestions on keeping ChromeDriver safe.
ChromeDriver was started successfully.
[1676283832,755][WARNING]: virtual void DevToolsClientImpl::AddListener(DevToolsEventListener *) subscribing a listener to the already connected DevToolsClient. Connection notification will not arrive.
Starting ChromeDriver 110.0.5481.77 (65ed616c6e8ee3fe0ad64fe83796c020644d42af-refs/branch-heads/5481@{#839}) on port 9832
Only local connections are allowed.
Please see https://chromedriver.chromium.org/security-considerations for suggestions on keeping ChromeDriver safe.
ChromeDriver was started successfully.
[1676283834,811][WARNING]: virtual void DevToolsClientImpl::AddListener(DevToolsEventListener *) subscribing a listener to the already connected DevToolsClient. Connection notification will not arrive.
Starting ChromeDriver 110.0.5481.77 (65ed616c6e8ee3fe0ad64fe83796c020644d42af-refs/branch-heads/5481@{#839}) on port 3190
Only local connections are allowed.
Please see https://chromedriver.chromium.org/security-considerations for suggestions on keeping ChromeDriver safe.
ChromeDriver was started successfully.
[1676283837,172][WARNING]: virtual void DevToolsClientImpl::AddListener(DevToolsEventListener *) subscribing a listener to the already connected DevToolsClient. Connection notification will not arrive.
Starting ChromeDriver 110.0.5481.77 (65ed616c6e8ee3fe0ad64fe83796c020644d42af-refs/branch-heads/5481@{#839}) on port 6775
Only local connections are allowed.
Please see https://chromedriver.chromium.org/security-considerations for suggestions on keeping ChromeDriver safe.
ChromeDriver was started successfully.
[1676283840,280][WARNING]: virtual void DevToolsClientImpl::AddListener(DevToolsEventListener *) subscribing a listener to the already connected DevToolsClient. Connection notification will not arrive.
Starting ChromeDriver 110.0.5481.77 (65ed616c6e8ee3fe0ad64fe83796c020644d42af-refs/branch-heads/5481@{#839}) on port 27783
Only local connections are allowed.
Please see https://chromedriver.chromium.org/security-considerations for suggestions on keeping ChromeDriver safe.
ChromeDriver was started successfully.
[1676283842,668][WARNING]: virtual void DevToolsClientImpl::AddListener(DevToolsEventListener *) subscribing a listener to the already connected DevToolsClient. Connection notification will not arrive.
Starting ChromeDriver 110.0.5481.77 (65ed616c6e8ee3fe0ad64fe83796c020644d42af-refs/branch-heads/5481@{#839}) on port 17125
Only local connections are allowed.
Please see https://chromedriver.chromium.org/security-considerations for suggestions on keeping ChromeDriver safe.
ChromeDriver was started successfully.
[1676283844,694][WARNING]: virtual void DevToolsClientImpl::AddListener(DevToolsEventListener *) subscribing a listener to the already connected DevToolsClient. Connection notification will not arrive.
Starting ChromeDriver 110.0.5481.77 (65ed616c6e8ee3fe0ad64fe83796c020644d42af-refs/branch-heads/5481@{#839}) on port 32406
Only local connections are allowed.
Please see https://chromedriver.chromium.org/security-considerations for suggestions on keeping ChromeDriver safe.
ChromeDriver was started successfully.
[1676283846,691][WARNING]: virtual void DevToolsClientImpl::AddListener(DevToolsEventListener *) subscribing a listener to the already connected DevToolsClient. Connection notification will not arrive.
Starting ChromeDriver 110.0.5481.77 (65ed616c6e8ee3fe0ad64fe83796c020644d42af-refs/branch-heads/5481@{#839}) on port 8510
Only local connections are allowed.
Please see https://chromedriver.chromium.org/security-considerations for suggestions on keeping ChromeDriver safe.
ChromeDriver was started successfully.
[1676283848,463][WARNING]: virtual void DevToolsClientImpl::AddListener(DevToolsEventListener *) subscribing a listener to the already connected DevToolsClient. Connection notification will not arrive.
]]></system-err>
</testsuite>
