<?xml version="1.0" encoding="UTF-8"?>
<testsuite name="it.univr.mentcareDemo.modelTest.PrescriptionTest" tests="3" skipped="0" failures="0" errors="0" timestamp="2023-02-13T10:24:08" hostname="fedora" time="0.002">
  <properties/>
  <testcase name="illegalPrescriptionException" classname="it.univr.mentcareDemo.modelTest.PrescriptionTest" time="0.001"/>
  <testcase name="basicVoidPrescriptionInitialization" classname="it.univr.mentcareDemo.modelTest.PrescriptionTest" time="0.001"/>
  <testcase name="basicPrescriptionInitializationTest" classname="it.univr.mentcareDemo.modelTest.PrescriptionTest" time="0.0"/>
  <system-out><![CDATA[]]></system-out>
  <system-err><![CDATA[]]></system-err>
</testsuite>
