<?xml version="1.0" encoding="UTF-8"?>
<testsuite name="it.univr.mentcareDemo.modelTest.ManagerTest" tests="4" skipped="0" failures="0" errors="0" timestamp="2023-02-13T10:24:08" hostname="fedora" time="0.003">
  <properties/>
  <testcase name="isManagerTest" classname="it.univr.mentcareDemo.modelTest.ManagerTest" time="0.0"/>
  <testcase name="basicManagerInitializationTest" classname="it.univr.mentcareDemo.modelTest.ManagerTest" time="0.0"/>
  <testcase name="basicVoidManagerInitialization" classname="it.univr.mentcareDemo.modelTest.ManagerTest" time="0.0"/>
  <testcase name="illegalManagerTest" classname="it.univr.mentcareDemo.modelTest.ManagerTest" time="0.0"/>
  <system-out><![CDATA[]]></system-out>
  <system-err><![CDATA[]]></system-err>
</testsuite>
