<?xml version="1.0" encoding="UTF-8"?>
<testsuite name="it.univr.mentcareDemo.modelTest.PatientTest" tests="4" skipped="0" failures="0" errors="0" timestamp="2023-02-13T10:24:08" hostname="fedora" time="0.001">
  <properties/>
  <testcase name="isPatientTest" classname="it.univr.mentcareDemo.modelTest.PatientTest" time="0.0"/>
  <testcase name="basicPatientInitializationTest" classname="it.univr.mentcareDemo.modelTest.PatientTest" time="0.0"/>
  <testcase name="basicVoidPatientInitialization" classname="it.univr.mentcareDemo.modelTest.PatientTest" time="0.0"/>
  <testcase name="illegalPatientTest" classname="it.univr.mentcareDemo.modelTest.PatientTest" time="0.0"/>
  <system-out><![CDATA[]]></system-out>
  <system-err><![CDATA[]]></system-err>
</testsuite>
